2019-02-11 09:55:26: LOG: Export: C:/Users/mercu/Documents/GitHub/seedQuestAssets/experiments/Jane_Prototype_MindPalace/Assets/PrototypeAssets/Art/ItalianRestaurant/NonnaFork.fbx
2019-02-11 09:55:26: LOG: [WARNING] Constraints export failed - The scene contains constraints. Activate the Export constraints or Bake Animation options before exporting.

2019-02-11 09:55:27: LOG: Export: C:/Users/mercu/Documents/GitHub/seedQuestAssets/experiments/Jane_Prototype_MindPalace/Assets/PrototypeAssets/Art/ItalianRestaurant/NonnaKnife_Butter.fbx
2019-02-11 09:55:27: LOG: [WARNING] Constraints export failed - The scene contains constraints. Activate the Export constraints or Bake Animation options before exporting.

2019-02-11 09:55:58: LOG: Export: C:/Users/mercu/Documents/GitHub/seedQuestAssets/experiments/Jane_Prototype_MindPalace/Assets/PrototypeAssets/Art/ItalianRestaurant/NonnaNPC_Sit_Eat.fbx
2019-02-11 09:55:59: LOG: [WARNING] Constraints export failed - The scene contains constraints. Activate the Export constraints or Bake Animation options before exporting.

2019-02-11 09:55:59: LOG: [WARNING] Smooth meshes are tessellated. - The plug-in will tessellate meshes with smooth mesh preview according to corresponding preview division levels. The following objects are affected:
	 NPC_Sit_Fauxhawk NPC_Sit_R_Hand NonnaKnife_Butter_Sit NPC_Sit_L_Hand NonnaFork_Sit
2019-02-11 11:25:06: LOG: Export: C:/Users/mercu/Documents/GitHub/seedQuestAssets/experiments/Jane_Prototype_MindPalace/Assets/PrototypeAssets/Art/ItalianRestaurant/NPC_Male_Sit.fbx
2019-02-11 11:25:06: LOG: [WARNING] Constraints export failed - The scene contains constraints. Activate the Export constraints or Bake Animation options before exporting.

2019-02-11 11:28:06: LOG: Export: C:/Users/mercu/Documents/GitHub/seedQuestAssets/experiments/Jane_Prototype_MindPalace/Assets/PrototypeAssets/Art/ItalianRestaurant/NPC_Male_Sit.fbx
2019-02-11 11:28:07: LOG: [WARNING] Constraints export failed - The scene contains constraints. Activate the Export constraints or Bake Animation options before exporting.

2019-02-11 11:28:07: LOG: [WARNING] Smooth meshes are tessellated. - The plug-in will tessellate meshes with smooth mesh preview according to corresponding preview division levels. The following objects are affected:
	 NPC_Sit_Fauxhawk
2019-02-11 11:29:43: LOG: Export: C:/Users/mercu/Documents/GitHub/seedQuestAssets/experiments/Jane_Prototype_MindPalace/Assets/PrototypeAssets/Art/ItalianRestaurant/NPC_Male_Sit.fbx
2019-02-11 11:29:43: LOG: [WARNING] Constraints export failed - The scene contains constraints. Activate the Export constraints or Bake Animation options before exporting.

2019-02-11 11:42:20: LOG: Export: C:/Users/mercu/Documents/GitHub/seedQuestAssets/experiments/Jane_Prototype_MindPalace/Assets/PrototypeAssets/Art/ItalianRestaurant/NonnaNPC_Sit_Eat.fbx
2019-02-11 11:42:21: LOG: [WARNING] Constraints export failed - The scene contains constraints. Activate the Export constraints or Bake Animation options before exporting.

2019-02-11 11:42:21: LOG: [WARNING] Smooth meshes are tessellated. - The plug-in will tessellate meshes with smooth mesh preview according to corresponding preview division levels. The following objects are affected:
	 NPC_Sit_Fauxhawk NPC_Sit_R_Hand NonnaKnife_Butter_Sit NPC_Sit_L_Hand NonnaFork_Sit
2019-02-11 11:45:42: LOG: Export: C:/Users/mercu/Documents/GitHub/seedQuestAssets/experiments/Jane_Prototype_MindPalace/Assets/PrototypeAssets/Art/ItalianRestaurant/NonnaNPC_Sit_Eat.fbx
2019-02-11 11:45:43: LOG: [WARNING] Constraints export failed - The scene contains constraints. Activate the Export constraints or Bake Animation options before exporting.

2019-02-11 11:45:43: LOG: [WARNING] Smooth meshes are tessellated. - The plug-in will tessellate meshes with smooth mesh preview according to corresponding preview division levels. The following objects are affected:
	 NPC_Sit_Fauxhawk NPC_Sit_R_Hand NonnaKnife_Butter_Sit NPC_Sit_L_Hand NonnaFork_Sit
2019-02-11 11:59:48: LOG: Export: C:/Users/mercu/Documents/GitHub/seedQuestAssets/experiments/Jane_Prototype_MindPalace/Assets/PrototypeAssets/Art/ItalianRestaurant/NPC_Male_Sit_B.fbx
2019-02-11 11:59:48: LOG: [WARNING] Constraints export failed - The scene contains constraints. Activate the Export constraints or Bake Animation options before exporting.

2019-02-11 13:06:43: LOG: Export: C:/Users/mercu/Documents/GitHub/seedQuestAssets/experiments/Jane_Prototype_MindPalace/Assets/PrototypeAssets/Art/ItalianRestaurant/NonnaHost_Italian.fbx
2019-02-11 14:57:23: LOG: Export: C:/Users/mercu/Documents/GitHub/seedQuestAssets/experiments/Jane_Prototype_MindPalace/Assets/PrototypeAssets/Art/ItalianRestaurant/NonnaHost_Punk.fbx
2019-02-11 14:58:13: LOG: Export: C:/Users/mercu/Documents/GitHub/seedQuestAssets/experiments/Jane_Prototype_MindPalace/Assets/PrototypeAssets/Art/ItalianRestaurant/NonnaHost_Punk.fbx
2019-02-11 15:47:35: LOG: Export: C:/Users/mercu/Documents/GitHub/seedQuestAssets/experiments/Jane_Prototype_MindPalace/Assets/PrototypeAssets/Art/ItalianRestaurant/NonnaNPC_Sit_Eat.fbx
2019-02-11 15:47:36: LOG: [WARNING] Constraints export failed - The scene contains constraints. Activate the Export constraints or Bake Animation options before exporting.

2019-02-11 15:47:36: LOG: [WARNING] Smooth meshes are tessellated. - The plug-in will tessellate meshes with smooth mesh preview according to corresponding preview division levels. The following objects are affected:
	 NPC_Sit_Fauxhawk NPC_Sit_R_Hand NPC_Sit_L_Hand NonnaFork_Sit
2019-02-11 22:13:05: LOG: Export: C:/Users/mercu/Documents/GitHub/seedQuestAssets/experiments/Jane_Prototype_MindPalace/Assets/PrototypeAssets/Art/ItalianRestaurant/NonnaHost_Cactus.fbx
2019-02-11 22:21:43: LOG: Export: C:/Users/mercu/Documents/GitHub/seedQuestAssets/experiments/Jane_Prototype_MindPalace/Assets/PrototypeAssets/Art/ItalianRestaurant/NonnaHost_Cactus.fbx
2019-02-12 17:04:50: LOG: Export: C:/Users/mercu/Documents/GitHub/seedQuestAssets/experiments/Jane_Prototype_MindPalace/Assets/PrototypeAssets/Art/ItalianRestaurant/NonnaHost_Cactus.fbx
2019-02-12 17:33:31: LOG: Export: C:/Users/mercu/Documents/GitHub/seedQuestAssets/experiments/Jane_Prototype_MindPalace/Assets/PrototypeAssets/Art/ItalianRestaurant/NonnaHost_Bear.fbx
2019-02-12 18:01:18: LOG: Export: C:/Users/mercu/Documents/GitHub/seedQuestAssets/experiments/Jane_Prototype_MindPalace/Assets/PrototypeAssets/Art/ItalianRestaurant/NonnaShelfLG01.fbx
2019-02-12 18:01:30: LOG: Export: C:/Users/mercu/Documents/GitHub/seedQuestAssets/experiments/Jane_Prototype_MindPalace/Assets/PrototypeAssets/Art/ItalianRestaurant/NonnaShelfLG_Wine.fbx
2019-02-12 21:19:35: LOG: Export: C:/Users/mercu/Documents/GitHub/seedQuestAssets/experiments/Jane_Prototype_MindPalace/Assets/PrototypeAssets/Art/ItalianRestaurant/NonnaShelf_Guitar.fbx
2019-02-12 23:07:57: LOG: Export: C:/Users/mercu/Documents/GitHub/seedQuestAssets/experiments/Jane_Prototype_MindPalace/Assets/PrototypeAssets/Art/ItalianRestaurant/NonnaFood_Plate.fbx
2019-02-13 04:29:44: LOG: Export: C:/Users/mercu/Documents/GitHub/seedQuestAssets/experiments/Jane_Prototype_MindPalace/Assets/PrototypeAssets/Art/ItalianRestaurant/NonnaTableLG01_Prev.fbx
2019-02-13 05:15:57: LOG: Export: C:/Users/mercu/Documents/GitHub/seedQuestAssets/experiments/Jane_Prototype_MindPalace/Assets/PrototypeAssets/Art/ItalianRestaurant/NPC_Hair_Bun.fbx
2019-02-13 05:15:57: LOG: [WARNING] Constraints export failed - The scene contains constraints. Activate the Export constraints or Bake Animation options before exporting.

2019-02-13 05:16:25: LOG: Export: C:/Users/mercu/Documents/GitHub/seedQuestAssets/experiments/Jane_Prototype_MindPalace/Assets/PrototypeAssets/Art/Saloon/Models/NPC_Hair_Bun.fbx
2019-02-13 05:16:25: LOG: [WARNING] Constraints export failed - The scene contains constraints. Activate the Export constraints or Bake Animation options before exporting.

2019-02-13 05:20:43: LOG: Export: C:/Users/mercu/Documents/GitHub/seedQuestAssets/experiments/Jane_Prototype_MindPalace/Assets/PrototypeAssets/Art/Saloon/Models/NPC_Base.fbx
2019-02-13 05:21:54: LOG: Export: C:/Users/mercu/Documents/GitHub/seedQuestAssets/experiments/Jane_Prototype_MindPalace/Assets/PrototypeAssets/Art/Saloon/Models/NPC_Hair_Bun.fbx
2019-02-13 05:21:54: LOG: [WARNING] Constraints export failed - The scene contains constraints. Activate the Export constraints or Bake Animation options before exporting.

2019-02-13 05:22:13: LOG: Export: C:/Users/mercu/Documents/GitHub/seedQuestAssets/experiments/Jane_Prototype_MindPalace/Assets/PrototypeAssets/Art/Saloon/Models/NonnaNPC_Sit_Eat.fbx
2019-02-13 05:22:14: LOG: [WARNING] Constraints export failed - The scene contains constraints. Activate the Export constraints or Bake Animation options before exporting.

2019-02-13 05:22:14: LOG: [WARNING] Smooth meshes are tessellated. - The plug-in will tessellate meshes with smooth mesh preview according to corresponding preview division levels. The following objects are affected:
	 NPC_Sit_Fauxhawk NPC_Sit_R_Hand NonnaKnife_Butter_Sit NPC_Sit_L_Hand NonnaFork_Sit
2019-02-13 05:22:23: LOG: Export: C:/Users/mercu/Documents/GitHub/seedQuestAssets/experiments/Jane_Prototype_MindPalace/Assets/PrototypeAssets/Art/Saloon/Models/NonnaNPC_Sit_Eat.fbx
2019-02-13 05:22:24: LOG: [WARNING] Constraints export failed - The scene contains constraints. Activate the Export constraints or Bake Animation options before exporting.

2019-02-13 05:22:24: LOG: [WARNING] Smooth meshes are tessellated. - The plug-in will tessellate meshes with smooth mesh preview according to corresponding preview division levels. The following objects are affected:
	 NPC_Hair_Fauxhawk NPC_Sit_R_Hand NonnaKnife_Butter_Sit NPC_Sit_L_Hand NonnaFork_Sit
2019-02-13 05:22:32: LOG: Export: C:/Users/mercu/Documents/GitHub/seedQuestAssets/experiments/Jane_Prototype_MindPalace/Assets/PrototypeAssets/Art/Saloon/Models/NPC_Hair_Fauxhawk.fbx
2019-02-13 05:22:33: LOG: [WARNING] Constraints export failed - The scene contains constraints. Activate the Export constraints or Bake Animation options before exporting.

2019-02-13 05:22:33: LOG: [WARNING] Smooth meshes are tessellated. - The plug-in will tessellate meshes with smooth mesh preview according to corresponding preview division levels. The following objects are affected:
	 NPC_Hair_Fauxhawk
2019-02-13 05:22:39: LOG: Export: C:/Users/mercu/Documents/GitHub/seedQuestAssets/experiments/Jane_Prototype_MindPalace/Assets/PrototypeAssets/Art/Saloon/Models/NPC_Hair_Fauxhawk.fbx
2019-02-13 05:22:39: LOG: [WARNING] Constraints export failed - The scene contains constraints. Activate the Export constraints or Bake Animation options before exporting.

2019-02-13 05:22:39: LOG: [WARNING] Smooth meshes are tessellated. - The plug-in will tessellate meshes with smooth mesh preview according to corresponding preview division levels. The following objects are affected:
	 NPC_Hair_Fauxhawk
2019-02-13 05:23:45: LOG: Export: C:/Users/mercu/Documents/GitHub/seedQuestAssets/experiments/Jane_Prototype_MindPalace/Assets/PrototypeAssets/Art/Saloon/Models/Hair_Afro_Group55283.fbx
2019-02-13 05:23:45: LOG: [WARNING] Constraints export failed - The scene contains constraints. Activate the Export constraints or Bake Animation options before exporting.

2019-02-13 06:01:44: LOG: Export: C:/Users/mercu/Documents/GitHub/seedQuestAssets/experiments/Jane_Prototype_MindPalace/Assets/PrototypeAssets/Art/Saloon/Models/NPC_Dog_A.fbx
2019-02-13 06:02:28: LOG: Export: C:/Users/mercu/Documents/GitHub/seedQuestAssets/experiments/Jane_Prototype_MindPalace/Assets/PrototypeAssets/Art/Saloon/Models/NPC_Dog_A.fbx
2019-02-13 06:02:58: LOG: Export: C:/Users/mercu/Documents/GitHub/seedQuestAssets/experiments/Jane_Prototype_MindPalace/Assets/PrototypeAssets/Art/Saloon/Models/NPC_Dog_A.fbx
2019-02-13 06:09:43: LOG: Export: C:/Users/mercu/Documents/GitHub/seedQuestAssets/experiments/Jane_Prototype_MindPalace/Assets/PrototypeAssets/Art/Saloon/Models/NonnaHost_Bear.fbx
2019-02-13 06:11:38: LOG: Export: C:/Users/mercu/Documents/GitHub/seedQuestAssets/experiments/Jane_Prototype_MindPalace/Assets/PrototypeAssets/Art/Saloon/Models/NPC_ETC_Bowtie.fbx
2019-02-13 07:03:39: LOG: Export: C:/Users/mercu/Documents/GitHub/seedQuestAssets/experiments/Jane_Prototype_MindPalace/Assets/PrototypeAssets/Art/Saloon/Models/SaloonUpstairs_Navmesh.fbx
2019-02-13 07:21:19: LOG: Export: C:/Users/mercu/Documents/GitHub/seedQuestAssets/experiments/Jane_Prototype_MindPalace/Assets/PrototypeAssets/Art/Camp/polyExtrudeEdge1.fbx
2019-02-13 07:21:19: LOG: [WARNING] Unsupported map(s). - The plug-in does not support the following maps and will not export them. 
To learn how to convert them so they export correctly, see Edit > Convert to File Texture in the Maya documentation. tripleShadingSwitch1
2019-02-13 07:21:20: LOG: Export: C:/Users/mercu/Documents/GitHub/seedQuestAssets/experiments/Jane_Prototype_MindPalace/Assets/PrototypeAssets/Art/Camp/CabinStairs_Navmesh.fbx
2019-02-13 07:21:20: LOG: [WARNING] Unsupported map(s). - The plug-in does not support the following maps and will not export them. 
To learn how to convert them so they export correctly, see Edit > Convert to File Texture in the Maya documentation. tripleShadingSwitch1
2019-02-13 07:21:55: LOG: Export: C:/Users/mercu/Documents/GitHub/seedQuestAssets/experiments/Jane_Prototype_MindPalace/Assets/PrototypeAssets/Art/Camp/CabinStairs_Navmesh.fbx
2019-02-13 07:21:55: LOG: [WARNING] Unsupported map(s). - The plug-in does not support the following maps and will not export them. 
To learn how to convert them so they export correctly, see Edit > Convert to File Texture in the Maya documentation. tripleShadingSwitch1
2019-02-13 07:24:43: LOG: Export: C:/Users/mercu/Documents/GitHub/seedQuestAssets/experiments/Jane_Prototype_MindPalace/Assets/PrototypeAssets/Art/Camp/CampCabin.fbx
2019-02-13 07:24:44: LOG: [WARNING] Unsupported map(s). - The plug-in does not support the following maps and will not export them. 
To learn how to convert them so they export correctly, see Edit > Convert to File Texture in the Maya documentation. tripleShadingSwitch1
2019-02-13 07:26:44: LOG: Export: C:/Users/mercu/Documents/GitHub/seedQuestAssets/experiments/Jane_Prototype_MindPalace/Assets/PrototypeAssets/Art/Camp/CabinStairs_Navmesh.fbx
2019-02-13 07:26:44: LOG: [WARNING] Unsupported map(s). - The plug-in does not support the following maps and will not export them. 
To learn how to convert them so they export correctly, see Edit > Convert to File Texture in the Maya documentation. tripleShadingSwitch1
2019-02-13 07:31:39: LOG: Export: C:/Users/mercu/Documents/GitHub/seedQuestAssets/experiments/Jane_Prototype_MindPalace/Assets/PrototypeAssets/Art/Camp/CabinStairs_Navmesh.fbx
2019-02-13 07:31:39: LOG: [WARNING] Unsupported map(s). - The plug-in does not support the following maps and will not export them. 
To learn how to convert them so they export correctly, see Edit > Convert to File Texture in the Maya documentation. tripleShadingSwitch1
2019-02-13 07:32:13: LOG: Export: C:/Users/mercu/Documents/GitHub/seedQuestAssets/experiments/Jane_Prototype_MindPalace/Assets/PrototypeAssets/Art/Camp/CabinStairs_Navmesh.fbx
2019-02-13 07:32:13: LOG: [WARNING] Unsupported map(s). - The plug-in does not support the following maps and will not export them. 
To learn how to convert them so they export correctly, see Edit > Convert to File Texture in the Maya documentation. tripleShadingSwitch1
2019-02-13 07:32:16: LOG: Export: C:/Users/mercu/Documents/GitHub/seedQuestAssets/experiments/Jane_Prototype_MindPalace/Assets/PrototypeAssets/Art/Camp/CampCabin.fbx
2019-02-13 07:32:16: LOG: [WARNING] Unsupported map(s). - The plug-in does not support the following maps and will not export them. 
To learn how to convert them so they export correctly, see Edit > Convert to File Texture in the Maya documentation. tripleShadingSwitch1
2019-02-13 07:33:03: LOG: Export: C:/Users/mercu/Documents/GitHub/seedQuestAssets/experiments/Jane_Prototype_MindPalace/Assets/PrototypeAssets/Art/Camp/CampCabin.fbx
2019-02-13 07:33:03: LOG: [WARNING] Unsupported map(s). - The plug-in does not support the following maps and will not export them. 
To learn how to convert them so they export correctly, see Edit > Convert to File Texture in the Maya documentation. tripleShadingSwitch1
2019-02-13 07:33:09: LOG: Export: C:/Users/mercu/Documents/GitHub/seedQuestAssets/experiments/Jane_Prototype_MindPalace/Assets/PrototypeAssets/Art/Camp/CabinStairs_Navmesh.fbx
2019-02-13 07:33:09: LOG: [WARNING] Unsupported map(s). - The plug-in does not support the following maps and will not export them. 
To learn how to convert them so they export correctly, see Edit > Convert to File Texture in the Maya documentation. tripleShadingSwitch1
2019-02-13 07:34:12: LOG: Export: C:/Users/mercu/Documents/GitHub/seedQuestAssets/experiments/Jane_Prototype_MindPalace/Assets/PrototypeAssets/Art/Camp/CabinStairs_Navmesh.fbx
2019-02-13 07:34:12: LOG: [WARNING] Unsupported map(s). - The plug-in does not support the following maps and will not export them. 
To learn how to convert them so they export correctly, see Edit > Convert to File Texture in the Maya documentation. tripleShadingSwitch1
2019-02-13 07:46:05: LOG: Export: C:/Users/mercu/Documents/GitHub/seedQuestAssets/experiments/Jane_Prototype_MindPalace/Assets/PrototypeAssets/Art/Camp/CampStump_Sword.fbx
2019-02-13 07:46:05: LOG: [WARNING] Unsupported map(s). - The plug-in does not support the following maps and will not export them. 
To learn how to convert them so they export correctly, see Edit > Convert to File Texture in the Maya documentation. tripleShadingSwitch1
2019-02-13 07:58:44: LOG: Export: C:/Users/mercu/Documents/GitHub/seedQuestAssets/experiments/Jane_Prototype_MindPalace/Assets/PrototypeAssets/Art/Camp/CampCabin.fbx
2019-02-13 07:58:44: LOG: [WARNING] Unsupported map(s). - The plug-in does not support the following maps and will not export them. 
To learn how to convert them so they export correctly, see Edit > Convert to File Texture in the Maya documentation. tripleShadingSwitch1
2019-02-15 12:14:37: LOG: Export: C:/Users/mercu/Documents/GitHub/seedQuestAssets/experiments/Jane_Prototype_MindPalace/Assets/PrototypeAssets/Art/Camp/CampKitchen.fbx
2019-02-15 12:14:37: LOG: [WARNING] Unsupported map(s). - The plug-in does not support the following maps and will not export them. 
To learn how to convert them so they export correctly, see Edit > Convert to File Texture in the Maya documentation. tripleShadingSwitch1
2019-02-15 12:14:55: LOG: Export: C:/Users/mercu/Documents/GitHub/seedQuestAssets/experiments/Jane_Prototype_MindPalace/Assets/PrototypeAssets/Art/Camp/CampCabin.fbx
2019-02-15 12:14:55: LOG: [WARNING] Unsupported map(s). - The plug-in does not support the following maps and will not export them. 
To learn how to convert them so they export correctly, see Edit > Convert to File Texture in the Maya documentation. tripleShadingSwitch1
2019-02-15 12:17:48: LOG: Export: C:/Users/mercu/Documents/GitHub/seedQuestAssets/experiments/Jane_Prototype_MindPalace/Assets/PrototypeAssets/Art/Camp/CampKitchen.fbx
2019-02-15 12:17:48: LOG: [WARNING] Unsupported map(s). - The plug-in does not support the following maps and will not export them. 
To learn how to convert them so they export correctly, see Edit > Convert to File Texture in the Maya documentation. tripleShadingSwitch1
2019-02-15 12:21:45: LOG: Export: C:/Users/mercu/Documents/GitHub/seedQuestAssets/experiments/Jane_Prototype_MindPalace/Assets/PrototypeAssets/Art/Camp/CampOven.fbx
2019-02-15 12:21:45: LOG: [WARNING] Unsupported map(s). - The plug-in does not support the following maps and will not export them. 
To learn how to convert them so they export correctly, see Edit > Convert to File Texture in the Maya documentation. tripleShadingSwitch1
2019-02-15 15:33:11: LOG: Export: C:/Users/mercu/Documents/GitHub/seedQuestAssets/experiments/Jane_Prototype_MindPalace/Assets/PrototypeAssets/Art/Camp/CampCar_Camper.fbx
2019-02-15 17:05:50: LOG: Export: C:/Users/mercu/Documents/GitHub/seedQuestAssets/experiments/Jane_Prototype_MindPalace/Assets/PrototypeAssets/Art/Camp/CampCar_Station.fbx
2019-02-15 17:13:59: LOG: Export: C:/Users/mercu/Documents/GitHub/seedQuestAssets/experiments/Jane_Prototype_MindPalace/Assets/PrototypeAssets/Art/Camp/CampCar_Camper.fbx
2019-02-15 17:43:00: LOG: Export: C:/Users/mercu/Documents/GitHub/seedQuestAssets/experiments/Jane_Prototype_MindPalace/Assets/PrototypeAssets/Art/Camp/CampCar_Pickup.fbx
2019-02-15 17:43:04: LOG: Export: C:/Users/mercu/Documents/GitHub/seedQuestAssets/experiments/Jane_Prototype_MindPalace/Assets/PrototypeAssets/Art/Camp/CampCar_Pickup.fbx
2019-02-15 17:43:58: LOG: Export: C:/Users/mercu/Documents/GitHub/seedQuestAssets/experiments/Jane_Prototype_MindPalace/Assets/PrototypeAssets/Art/Camp/CampCar_Jeep.fbx
2019-02-15 17:47:42: LOG: Export: C:/Users/mercu/Documents/GitHub/seedQuestAssets/experiments/Jane_Prototype_MindPalace/Assets/PrototypeAssets/Art/Camp/CampCar_Station.fbx
2019-02-15 17:52:51: LOG: Export: C:/Users/mercu/Documents/GitHub/seedQuestAssets/experiments/Jane_Prototype_MindPalace/Assets/PrototypeAssets/Art/Camp/CampCar_Jeep.fbx
2019-02-15 17:54:48: LOG: Export: C:/Users/mercu/Documents/GitHub/seedQuestAssets/experiments/Jane_Prototype_MindPalace/Assets/PrototypeAssets/Art/Camp/CampCar_Jeep.fbx
2019-02-15 17:55:43: LOG: Export: C:/Users/mercu/Documents/GitHub/seedQuestAssets/experiments/Jane_Prototype_MindPalace/Assets/PrototypeAssets/Art/Camp/CampCar_Jeep.fbx
2019-02-15 17:56:08: LOG: Export: C:/Users/mercu/Documents/GitHub/seedQuestAssets/experiments/Jane_Prototype_MindPalace/Assets/PrototypeAssets/Art/Camp/CampCar_Station.fbx
2019-02-15 18:07:22: LOG: Export: C:/Users/mercu/Documents/GitHub/seedQuestAssets/experiments/Jane_Prototype_MindPalace/Assets/PrototypeAssets/Art/Camp/Yeti_Raybans.fbx
2019-02-15 18:21:06: LOG: Export: C:/Users/mercu/Documents/GitHub/seedQuestAssets/experiments/Jane_Prototype_MindPalace/Assets/PrototypeAssets/Art/Camp/CampCar_Pickup.fbx
2019-02-15 18:21:42: LOG: Export: C:/Users/mercu/Documents/GitHub/seedQuestAssets/experiments/Jane_Prototype_MindPalace/Assets/PrototypeAssets/Art/Camp/CampCar_Truck.fbx
2019-02-15 18:36:50: LOG: Export: C:/Users/mercu/Documents/GitHub/seedQuestAssets/experiments/Jane_Prototype_MindPalace/Assets/PrototypeAssets/Art/Camp/CampTreePineA01.fbx
2019-02-15 18:36:50: LOG: [WARNING] Unsupported map(s). - The plug-in does not support the following maps and will not export them. 
To learn how to convert them so they export correctly, see Edit > Convert to File Texture in the Maya documentation. tripleShadingSwitch1
2019-02-15 18:39:12: LOG: Export: C:/Users/mercu/Documents/GitHub/seedQuestAssets/experiments/Jane_Prototype_MindPalace/Assets/PrototypeAssets/Art/Camp/Stairs_Slope.fbx
2019-02-15 18:39:12: LOG: [WARNING] Unsupported map(s). - The plug-in does not support the following maps and will not export them. 
To learn how to convert them so they export correctly, see Edit > Convert to File Texture in the Maya documentation. tripleShadingSwitch1
2019-02-15 18:39:39: LOG: Export: C:/Users/mercu/Documents/GitHub/seedQuestAssets/experiments/Jane_Prototype_MindPalace/Assets/PrototypeAssets/Art/Camp/Stairs_Slope.fbx
2019-02-15 18:39:40: LOG: [WARNING] Unsupported map(s). - The plug-in does not support the following maps and will not export them. 
To learn how to convert them so they export correctly, see Edit > Convert to File Texture in the Maya documentation. tripleShadingSwitch1
2019-02-15 18:41:38: LOG: Export: C:/Users/mercu/Documents/GitHub/seedQuestAssets/experiments/Jane_Prototype_MindPalace/Assets/PrototypeAssets/Art/Camp/CabinStairs_Navmesh.fbx
2019-02-18 12:40:21: LOG: Export: C:/Users/mercu/Documents/GitHub/seedQuestAssets/experiments/Jane_Prototype_MindPalace/Assets/PrototypeAssets/Art/Saloon/Models/NPC_Facial_Beard.fbx
2019-02-18 12:57:31: LOG: Export: C:/Users/mercu/Documents/GitHub/seedQuestAssets/experiments/Jane_Prototype_MindPalace/Assets/PrototypeAssets/Art/Saloon/Models/NPC_Facial_Goattee.fbx
2019-02-18 19:14:00: LOG: Export: C:/Users/mercu/Documents/GitHub/seedQuestAssets/experiments/Jane_Prototype_MindPalace/Assets/PrototypeAssets/Art/Saloon/Models/SaloonDancer_Monkey.fbx
2019-02-18 19:39:12: LOG: Export: C:/Users/mercu/Documents/GitHub/seedQuestAssets/experiments/Jane_Prototype_MindPalace/Assets/PrototypeAssets/Art/Saloon/Models/SaloonDancer_Ghost.fbx
2019-02-18 19:41:48: LOG: Export: C:/Users/mercu/Documents/GitHub/seedQuestAssets/experiments/Jane_Prototype_MindPalace/Assets/PrototypeAssets/Art/Saloon/Models/SaloonDancer_Ghost.fbx
2019-02-18 19:42:03: LOG: Export: C:/Users/mercu/Documents/GitHub/seedQuestAssets/experiments/Jane_Prototype_MindPalace/Assets/PrototypeAssets/Art/Saloon/Models/SaloonDancer_Ghost.fbx
2019-02-18 21:08:05: LOG: Export: C:/Users/mercu/Documents/GitHub/seedQuestAssets/experiments/Jane_Prototype_MindPalace/Assets/PrototypeAssets/Art/Saloon/Models/SaloonDancer_Monkey.fbx
2019-02-18 21:17:10: LOG: Export: C:/Users/mercu/Documents/GitHub/seedQuestAssets/experiments/Jane_Prototype_MindPalace/Assets/PrototypeAssets/Art/Saloon/Models/SaloonNPC_Hat_Western.fbx
2019-02-18 21:23:37: LOG: Export: C:/Users/mercu/Documents/GitHub/seedQuestAssets/experiments/Jane_Prototype_MindPalace/Assets/PrototypeAssets/Art/Saloon/Models/SaloonNPC_Hat_Fruit.fbx
2019-02-18 21:24:25: LOG: Export: C:/Users/mercu/Documents/GitHub/seedQuestAssets/experiments/Jane_Prototype_MindPalace/Assets/PrototypeAssets/Art/Saloon/Models/SaloonNPC_Hat_Sombrero.fbx
2019-02-18 21:29:02: LOG: Export: C:/Users/mercu/Documents/GitHub/seedQuestAssets/experiments/Jane_Prototype_MindPalace/Assets/PrototypeAssets/Art/Saloon/Models/SaloonNPC_Hat_BBCap.fbx
2019-02-18 22:48:09: LOG: Export: C:/Users/mercu/Documents/GitHub/seedQuestAssets/experiments/Jane_Prototype_MindPalace/Assets/PrototypeAssets/Art/Saloon/Models/SaloonLight_Ceiling.fbx
2019-02-18 22:49:28: LOG: Export: C:/Users/mercu/Documents/GitHub/seedQuestAssets/experiments/Jane_Prototype_MindPalace/Assets/PrototypeAssets/Art/Saloon/Models/SaloonLight_Ceiling.fbx
2019-02-18 22:50:08: LOG: Export: C:/Users/mercu/Documents/GitHub/seedQuestAssets/experiments/Jane_Prototype_MindPalace/Assets/PrototypeAssets/Art/Saloon/Models/SaloonLight_Ceiling.fbx
2019-02-18 22:57:14: LOG: Export: C:/Users/mercu/Documents/GitHub/seedQuestAssets/experiments/Jane_Prototype_MindPalace/Assets/PrototypeAssets/Art/Saloon/Models/SaloonLight_Ceiling.fbx
2019-02-19 11:44:20: LOG: Export: C:/Users/mercu/Documents/GitHub/seedQuestAssets/experiments/Jane_Prototype_MindPalace/Assets/PrototypeAssets/Art/ItalianRestaurant/NonnaTableLG01.fbx
2019-02-19 11:45:02: LOG: Export: C:/Users/mercu/DOCUME~1/GitHub/SEEDQU~1/EXPERI~1/JANE_P~1/Temp/saloon_whitebox_breakapart_v09.fbx
2019-02-19 11:45:02: LOG: [WARNING] Unable to export some material(s) - The plug-in does not support the following material types:
 Material  will be exported as a grey Lambert material.
2019-02-19 13:44:31: LOG: Export: C:/Users/mercu/Documents/GitHub/seedQuestAssets/experiments/Jane_Prototype_MindPalace/Assets/PrototypeAssets/Art/ItalianRestaurant/NonnaBorderBush01_3P.fbx
2019-02-19 13:44:44: LOG: Export: C:/Users/mercu/Documents/GitHub/seedQuestAssets/experiments/Jane_Prototype_MindPalace/Assets/PrototypeAssets/Art/ItalianRestaurant/NonnaIso_Floor.fbx
2019-02-19 13:45:07: LOG: Export: C:/Users/mercu/Documents/GitHub/seedQuestAssets/experiments/Jane_Prototype_MindPalace/Assets/PrototypeAssets/Art/ItalianRestaurant/NonnaIso_Floor.fbx
2019-02-19 13:45:28: LOG: Export: C:/Users/mercu/Documents/GitHub/seedQuestAssets/experiments/Jane_Prototype_MindPalace/Assets/PrototypeAssets/Art/ItalianRestaurant/Isometric/NonnaIso_Floor.fbx
2019-02-19 13:48:47: LOG: Export: C:/Users/mercu/Documents/GitHub/seedQuestAssets/experiments/Jane_Prototype_MindPalace/Assets/PrototypeAssets/Art/ItalianRestaurant/NonnaBorderBush01.fbx
2019-02-19 14:49:23: LOG: Export: C:/Users/mercu/Documents/GitHub/seedQuestAssets/experiments/Jane_Prototype_MindPalace/Assets/PrototypeAssets/Art/ItalianRestaurant/NonnaHost_Bear.fbx
2019-02-19 16:02:01: LOG: Export: C:/Users/mercu/Documents/GitHub/seedQuestAssets/experiments/Jane_Prototype_MindPalace/Assets/PrototypeAssets/Art/ItalianRestaurant/Nonna_Terrain.fbx
2019-02-19 17:27:42: LOG: Export: C:/Users/mercu/Documents/GitHub/seedQuestAssets/experiments/Jane_Prototype_MindPalace/Assets/PrototypeAssets/Art/Camp/CampMusic_Record.fbx
2019-02-19 17:27:42: LOG: [WARNING] Unsupported map(s). - The plug-in does not support the following maps and will not export them. 
To learn how to convert them so they export correctly, see Edit > Convert to File Texture in the Maya documentation. tripleShadingSwitch1
2019-02-19 17:34:38: LOG: Export: C:/Users/mercu/Documents/GitHub/seedQuestAssets/experiments/Jane_Prototype_MindPalace/Assets/PrototypeAssets/Art/Camp/CampMusic_Record.fbx
2019-02-19 17:34:38: LOG: [WARNING] Unsupported map(s). - The plug-in does not support the following maps and will not export them. 
To learn how to convert them so they export correctly, see Edit > Convert to File Texture in the Maya documentation. tripleShadingSwitch1
2019-02-19 17:35:19: LOG: Export: C:/Users/mercu/Documents/GitHub/seedQuestAssets/experiments/Jane_Prototype_MindPalace/Assets/PrototypeAssets/Art/Camp/CampMusic_Record.fbx
2019-02-19 17:35:20: LOG: [WARNING] Unsupported map(s). - The plug-in does not support the following maps and will not export them. 
To learn how to convert them so they export correctly, see Edit > Convert to File Texture in the Maya documentation. tripleShadingSwitch1
