2019-02-11 05:56:09: LOG: Import: C:/Users/mercu/Documents/GitHub/seedQuestAssets/experiments/Jane_Prototype_MindPalace/Assets/PrototypeAssets/Art/ItalianRestaurant/NonnaTableLG01.fbx
2019-02-11 05:56:46: LOG: Import: C:/Users/mercu/Documents/GitHub/seedQuestAssets/experiments/Jane_Prototype_MindPalace/Assets/PrototypeAssets/Art/ItalianRestaurant/NonnaChair01.fbx
2019-02-11 12:07:35: LOG: Import: C:/Users/mercu/Documents/GitHub/seedQuestAssets/experiments/Jane_Prototype_MindPalace/Assets/PrototypeAssets/Art/ItalianRestaurant/NonnaPodium01.fbx
2019-02-11 12:37:34: LOG: Import: C:/Users/mercu/Documents/GitHub/seedQuestAssets/experiments/Jane_Prototype_MindPalace/Assets/PrototypeAssets/Art/ItalianRestaurant/NonnaPodium01.fbx
2019-02-11 22:17:39: LOG: Import: C:/Users/mercu/Documents/GitHub/seedQuestAssets/experiments/Jane_Prototype_MindPalace/Assets/PrototypeAssets/Art/ItalianRestaurant/NonnaHost_Cactus.fbx
2019-02-11 22:23:56: LOG: Import: C:/Users/mercu/Documents/GitHub/seedQuestAssets/experiments/Jane_Prototype_MindPalace/Assets/PrototypeAssets/Art/ItalianRestaurant/NonnaHost_Bear.fbx
2019-02-11 22:29:11: LOG: Import: C:/Users/mercu/Documents/GitHub/seedQuestAssets/experiments/Jane_Prototype_MindPalace/Assets/PrototypeAssets/Art/ItalianRestaurant/NPC_Male.fbx
2019-02-12 18:19:40: LOG: Import: C:/Users/mercu/Documents/GitHub/seedQuestAssets/experiments/Jane_Prototype_MindPalace/Assets/PrototypeAssets/Art/ItalianRestaurant/NonnaHost_Cactus.fbx
2019-02-12 18:19:40: LOG: Import: C:/Users/mercu/Documents/GitHub/seedQuestAssets/experiments/Jane_Prototype_MindPalace/Assets/PrototypeAssets/Art/ItalianRestaurant/NonnaHost_Italian.fbx
2019-02-12 18:19:41: LOG: Import: C:/Users/mercu/Documents/GitHub/seedQuestAssets/experiments/Jane_Prototype_MindPalace/Assets/PrototypeAssets/Art/ItalianRestaurant/NonnaHost_Punk.fbx
2019-02-12 18:19:41: LOG: Import: C:/Users/mercu/Documents/GitHub/seedQuestAssets/experiments/Jane_Prototype_MindPalace/Assets/PrototypeAssets/Art/ItalianRestaurant/NonnaHost_Bear.fbx
2019-02-12 18:21:32: LOG: Import: C:/Users/mercu/Documents/GitHub/seedQuestAssets/experiments/Jane_Prototype_MindPalace/Assets/PrototypeAssets/Art/ItalianRestaurant/NonnaHost_Cactus.fbx
2019-02-12 18:21:32: LOG: Import: C:/Users/mercu/Documents/GitHub/seedQuestAssets/experiments/Jane_Prototype_MindPalace/Assets/PrototypeAssets/Art/ItalianRestaurant/NonnaHost_Italian.fbx
2019-02-12 18:21:32: LOG: Import: C:/Users/mercu/Documents/GitHub/seedQuestAssets/experiments/Jane_Prototype_MindPalace/Assets/PrototypeAssets/Art/ItalianRestaurant/NonnaHost_Punk.fbx
2019-02-12 18:21:32: LOG: Import: C:/Users/mercu/Documents/GitHub/seedQuestAssets/experiments/Jane_Prototype_MindPalace/Assets/PrototypeAssets/Art/ItalianRestaurant/NonnaHost_Bear.fbx
2019-02-12 18:22:30: LOG: Import: C:/Users/mercu/Documents/GitHub/seedQuestAssets/experiments/Jane_Prototype_MindPalace/Assets/PrototypeAssets/Art/ItalianRestaurant/NonnaHost_Bear.fbx
2019-02-12 18:22:36: LOG: Import: C:/Users/mercu/Documents/GitHub/seedQuestAssets/experiments/Jane_Prototype_MindPalace/Assets/PrototypeAssets/Art/ItalianRestaurant/NonnaHost_Cactus.fbx
2019-02-13 05:52:40: LOG: Import: C:/Users/mercu/Documents/GitHub/seedQuestAssets/experiments/Jane_Prototype_MindPalace/Assets/PrototypeAssets/Art/ItalianRestaurant/NonnaHost_Bear.fbx
2019-02-14 10:00:24: LOG: Import: C:/Users/mercu/Documents/GitHub/seedQuestAssets/experiments/Jane_Prototype_MindPalace/Assets/PrototypeAssets/Art/Camp/RockHero01.fbx
2019-02-14 10:00:25: LOG: Import: C:/Users/mercu/Documents/GitHub/seedQuestAssets/experiments/Jane_Prototype_MindPalace/Assets/PrototypeAssets/Art/Camp/Stairs_Slope.fbx
2019-02-14 10:00:25: LOG: Import: C:/Users/mercu/Documents/GitHub/seedQuestAssets/experiments/Jane_Prototype_MindPalace/Assets/PrototypeAssets/Art/Camp/CabinStairs_Navmesh.fbx
2019-02-14 10:00:25: LOG: Import: C:/Users/mercu/Documents/GitHub/seedQuestAssets/experiments/Jane_Prototype_MindPalace/Assets/PrototypeAssets/Art/Camp/Camp_Cave.fbx
2019-02-14 10:00:25: LOG: Import: C:/Users/mercu/Documents/GitHub/seedQuestAssets/experiments/Jane_Prototype_MindPalace/Assets/PrototypeAssets/Art/Camp/Camp_TreeA.fbx
2019-02-14 10:00:25: LOG: Import: C:/Users/mercu/Documents/GitHub/seedQuestAssets/experiments/Jane_Prototype_MindPalace/Assets/PrototypeAssets/Art/Camp/CampBear.fbx
2019-02-14 10:00:25: LOG: Import: C:/Users/mercu/Documents/GitHub/seedQuestAssets/experiments/Jane_Prototype_MindPalace/Assets/PrototypeAssets/Art/Camp/CampBedA.fbx
2019-02-14 10:00:25: LOG: Import: C:/Users/mercu/Documents/GitHub/seedQuestAssets/experiments/Jane_Prototype_MindPalace/Assets/PrototypeAssets/Art/Camp/CampBush_BerryA.fbx
2019-02-14 10:00:25: LOG: Import: C:/Users/mercu/Documents/GitHub/seedQuestAssets/experiments/Jane_Prototype_MindPalace/Assets/PrototypeAssets/Art/Camp/CampBush_BerryB.fbx
2019-02-14 10:00:25: LOG: Import: C:/Users/mercu/Documents/GitHub/seedQuestAssets/experiments/Jane_Prototype_MindPalace/Assets/PrototypeAssets/Art/Camp/CampBush_Flower.fbx
2019-02-14 10:00:25: LOG: Import: C:/Users/mercu/Documents/GitHub/seedQuestAssets/experiments/Jane_Prototype_MindPalace/Assets/PrototypeAssets/Art/Camp/CampBush_Ivy.fbx
2019-02-14 10:00:25: LOG: Import: C:/Users/mercu/Documents/GitHub/seedQuestAssets/experiments/Jane_Prototype_MindPalace/Assets/PrototypeAssets/Art/Camp/CampBushA.fbx
2019-02-14 10:00:25: LOG: Import: C:/Users/mercu/Documents/GitHub/seedQuestAssets/experiments/Jane_Prototype_MindPalace/Assets/PrototypeAssets/Art/Camp/CampCabin.fbx
2019-02-14 10:00:26: LOG: Import: C:/Users/mercu/Documents/GitHub/seedQuestAssets/experiments/Jane_Prototype_MindPalace/Assets/PrototypeAssets/Art/Camp/CampCabinExt.fbx
2019-02-14 10:00:26: LOG: Import: C:/Users/mercu/Documents/GitHub/seedQuestAssets/experiments/Jane_Prototype_MindPalace/Assets/PrototypeAssets/Art/Camp/CampCar_Camper.fbx
2019-02-14 10:00:26: LOG: Import: C:/Users/mercu/Documents/GitHub/seedQuestAssets/experiments/Jane_Prototype_MindPalace/Assets/PrototypeAssets/Art/Camp/CampCar_Jeep.fbx
2019-02-14 10:00:26: LOG: Import: C:/Users/mercu/Documents/GitHub/seedQuestAssets/experiments/Jane_Prototype_MindPalace/Assets/PrototypeAssets/Art/Camp/CampCar_Station.fbx
2019-02-14 10:00:26: LOG: Import: C:/Users/mercu/Documents/GitHub/seedQuestAssets/experiments/Jane_Prototype_MindPalace/Assets/PrototypeAssets/Art/Camp/CampCar_Truck.fbx
2019-02-14 10:00:26: LOG: Import: C:/Users/mercu/Documents/GitHub/seedQuestAssets/experiments/Jane_Prototype_MindPalace/Assets/PrototypeAssets/Art/Camp/CampCryptid_Bigfoot.fbx
2019-02-14 10:00:26: LOG: Import: C:/Users/mercu/Documents/GitHub/seedQuestAssets/experiments/Jane_Prototype_MindPalace/Assets/PrototypeAssets/Art/Camp/CampCryptid_Gnome.fbx
2019-02-14 10:00:26: LOG: Import: C:/Users/mercu/Documents/GitHub/seedQuestAssets/experiments/Jane_Prototype_MindPalace/Assets/PrototypeAssets/Art/Camp/CampCryptid_Moth.fbx
2019-02-14 10:00:26: LOG: Import: C:/Users/mercu/Documents/GitHub/seedQuestAssets/experiments/Jane_Prototype_MindPalace/Assets/PrototypeAssets/Art/Camp/CampCryptid_Yeti.fbx
2019-02-14 10:00:26: LOG: Import: C:/Users/mercu/Documents/GitHub/seedQuestAssets/experiments/Jane_Prototype_MindPalace/Assets/PrototypeAssets/Art/Camp/CampDesk.fbx
2019-02-14 10:00:26: LOG: Import: C:/Users/mercu/Documents/GitHub/seedQuestAssets/experiments/Jane_Prototype_MindPalace/Assets/PrototypeAssets/Art/Camp/CampDeskA.fbx
2019-02-14 10:00:26: LOG: Import: C:/Users/mercu/Documents/GitHub/seedQuestAssets/experiments/Jane_Prototype_MindPalace/Assets/PrototypeAssets/Art/Camp/CampDraft_Paper.fbx
2019-02-14 10:00:26: LOG: Import: C:/Users/mercu/Documents/GitHub/seedQuestAssets/experiments/Jane_Prototype_MindPalace/Assets/PrototypeAssets/Art/Camp/CampfireA.fbx
2019-02-14 10:00:26: LOG: Import: C:/Users/mercu/Documents/GitHub/seedQuestAssets/experiments/Jane_Prototype_MindPalace/Assets/PrototypeAssets/Art/Camp/CampKitchen.fbx
2019-02-14 10:00:27: LOG: Import: C:/Users/mercu/Documents/GitHub/seedQuestAssets/experiments/Jane_Prototype_MindPalace/Assets/PrototypeAssets/Art/Camp/CampLogA01.fbx
2019-02-14 10:00:27: LOG: Import: C:/Users/mercu/Documents/GitHub/seedQuestAssets/experiments/Jane_Prototype_MindPalace/Assets/PrototypeAssets/Art/Camp/CampLogB01.fbx
2019-02-14 10:00:27: LOG: Import: C:/Users/mercu/Documents/GitHub/seedQuestAssets/experiments/Jane_Prototype_MindPalace/Assets/PrototypeAssets/Art/Camp/CampMusic_Record.fbx
2019-02-14 10:00:27: LOG: Import: C:/Users/mercu/Documents/GitHub/seedQuestAssets/experiments/Jane_Prototype_MindPalace/Assets/PrototypeAssets/Art/Camp/CampNPC01.fbx
2019-02-14 10:00:27: LOG: Import: C:/Users/mercu/Documents/GitHub/seedQuestAssets/experiments/Jane_Prototype_MindPalace/Assets/PrototypeAssets/Art/Camp/CampOven.fbx
2019-02-14 10:00:27: LOG: Import: C:/Users/mercu/Documents/GitHub/seedQuestAssets/experiments/Jane_Prototype_MindPalace/Assets/PrototypeAssets/Art/Camp/CampPC02.fbx
2019-02-14 10:00:27: LOG: Import: C:/Users/mercu/Documents/GitHub/seedQuestAssets/experiments/Jane_Prototype_MindPalace/Assets/PrototypeAssets/Art/Camp/CampRecordPlayer.fbx
2019-02-14 10:00:27: LOG: Import: C:/Users/mercu/Documents/GitHub/seedQuestAssets/experiments/Jane_Prototype_MindPalace/Assets/PrototypeAssets/Art/Camp/CampRecordPlayer1.fbx
2019-02-14 10:00:27: LOG: Import: C:/Users/mercu/Documents/GitHub/seedQuestAssets/experiments/Jane_Prototype_MindPalace/Assets/PrototypeAssets/Art/Camp/CampRockMed01.fbx
2019-02-14 10:00:27: LOG: Import: C:/Users/mercu/Documents/GitHub/seedQuestAssets/experiments/Jane_Prototype_MindPalace/Assets/PrototypeAssets/Art/Camp/CampSnack_Corn.fbx
2019-02-14 10:00:27: LOG: Import: C:/Users/mercu/Documents/GitHub/seedQuestAssets/experiments/Jane_Prototype_MindPalace/Assets/PrototypeAssets/Art/Camp/CampSnack_Kebab.fbx
2019-02-14 10:00:27: LOG: Import: C:/Users/mercu/Documents/GitHub/seedQuestAssets/experiments/Jane_Prototype_MindPalace/Assets/PrototypeAssets/Art/Camp/CampSnack_Marshmallow.fbx
2019-02-14 10:00:27: LOG: Import: C:/Users/mercu/Documents/GitHub/seedQuestAssets/experiments/Jane_Prototype_MindPalace/Assets/PrototypeAssets/Art/Camp/CampSnack_Trout.fbx
2019-02-14 10:00:27: LOG: Import: C:/Users/mercu/Documents/GitHub/seedQuestAssets/experiments/Jane_Prototype_MindPalace/Assets/PrototypeAssets/Art/Camp/CampStump.fbx
2019-02-14 10:00:27: LOG: Import: C:/Users/mercu/Documents/GitHub/seedQuestAssets/experiments/Jane_Prototype_MindPalace/Assets/PrototypeAssets/Art/Camp/CampStump_Axe.fbx
2019-02-14 10:00:28: LOG: Import: C:/Users/mercu/Documents/GitHub/seedQuestAssets/experiments/Jane_Prototype_MindPalace/Assets/PrototypeAssets/Art/Camp/CampStump_Sapling.fbx
2019-02-14 10:00:28: LOG: Import: C:/Users/mercu/Documents/GitHub/seedQuestAssets/experiments/Jane_Prototype_MindPalace/Assets/PrototypeAssets/Art/Camp/CampStump_Shroom.fbx
2019-02-14 10:00:28: LOG: Import: C:/Users/mercu/Documents/GitHub/seedQuestAssets/experiments/Jane_Prototype_MindPalace/Assets/PrototypeAssets/Art/Camp/CampStump_Sword.fbx
2019-02-14 10:00:28: LOG: Import: C:/Users/mercu/Documents/GitHub/seedQuestAssets/experiments/Jane_Prototype_MindPalace/Assets/PrototypeAssets/Art/Camp/CampTentA.fbx
2019-02-14 10:00:29: LOG: Import: C:/Users/mercu/Documents/GitHub/seedQuestAssets/experiments/Jane_Prototype_MindPalace/Assets/PrototypeAssets/Art/Camp/CampTerrain.fbx
2019-02-14 10:00:30: LOG: Import: C:/Users/mercu/Documents/GitHub/seedQuestAssets/experiments/Jane_Prototype_MindPalace/Assets/PrototypeAssets/Art/Camp/CampTreePine_BG.fbx
2019-02-14 10:00:30: LOG: Import: C:/Users/mercu/Documents/GitHub/seedQuestAssets/experiments/Jane_Prototype_MindPalace/Assets/PrototypeAssets/Art/Camp/CampTreePineA01.fbx
2019-02-14 10:00:30: LOG: Import: C:/Users/mercu/Documents/GitHub/seedQuestAssets/experiments/Jane_Prototype_MindPalace/Assets/PrototypeAssets/Art/Camp/CampWall_WindowLG.fbx
2019-02-14 10:00:30: LOG: Import: C:/Users/mercu/Documents/GitHub/seedQuestAssets/experiments/Jane_Prototype_MindPalace/Assets/PrototypeAssets/Art/Camp/CampWallDoor01.fbx
2019-02-14 10:00:30: LOG: Import: C:/Users/mercu/Documents/GitHub/seedQuestAssets/experiments/Jane_Prototype_MindPalace/Assets/PrototypeAssets/Art/Camp/CampYeti.fbx
2019-02-14 10:00:30: LOG: Import: C:/Users/mercu/Documents/GitHub/seedQuestAssets/experiments/Jane_Prototype_MindPalace/Assets/PrototypeAssets/Art/Camp/CampYeti_Book.fbx
2019-02-14 10:00:30: LOG: Import: C:/Users/mercu/Documents/GitHub/seedQuestAssets/experiments/Jane_Prototype_MindPalace/Assets/PrototypeAssets/Art/Camp/CampYeti_FishingRod.fbx
2019-02-14 10:00:31: LOG: Import: C:/Users/mercu/Documents/GitHub/seedQuestAssets/experiments/Jane_Prototype_MindPalace/Assets/PrototypeAssets/Art/Camp/CampYeti_Sunreflector.fbx
2019-02-14 10:00:31: LOG: Import: C:/Users/mercu/Documents/GitHub/seedQuestAssets/experiments/Jane_Prototype_MindPalace/Assets/PrototypeAssets/Art/Camp/CampYeti_Tomato.fbx
2019-02-14 10:00:31: LOG: Import: C:/Users/mercu/Documents/GitHub/seedQuestAssets/experiments/Jane_Prototype_MindPalace/Assets/PrototypeAssets/Art/Camp/polyExtrudeEdge1.fbx
2019-02-15 12:09:13: LOG: Import: C:/Users/mercu/Documents/GitHub/seedQuestAssets/experiments/Jane_Prototype_MindPalace/Assets/PrototypeAssets/Art/Saloon/Models/SaloonBar_Drink_Latte.fbx
2019-02-15 18:40:46: LOG: Import: C:/Users/mercu/Documents/GitHub/seedQuestAssets/experiments/Jane_Prototype_MindPalace/Assets/PrototypeAssets/Art/Camp/CabinStairs_Navmesh.fbx
2019-02-18 21:14:08: LOG: Import: C:/Users/mercu/Documents/GitHub/seedQuestAssets/experiments/Jane_Prototype_MindPalace/Assets/PrototypeAssets/Art/Saloon/Models/SaloonNPC_Hat_Western.fbx
2019-02-18 21:14:22: LOG: Import: C:/Users/mercu/Documents/GitHub/seedQuestAssets/experiments/Jane_Prototype_MindPalace/Assets/PrototypeAssets/Art/Saloon/Models/SaloonNPC_Hat_Western.fbx
2019-02-18 21:14:38: LOG: Import: C:/Users/mercu/Documents/GitHub/seedQuestAssets/experiments/Jane_Prototype_MindPalace/Assets/PrototypeAssets/Art/Saloon/Models/SaloonNPC_Hat_Fruit.fbx
2019-02-18 21:14:49: LOG: Import: C:/Users/mercu/Documents/GitHub/seedQuestAssets/experiments/Jane_Prototype_MindPalace/Assets/PrototypeAssets/Art/Saloon/Models/SaloonNPC_Hat_BBCap.fbx
2019-02-18 21:14:56: LOG: Import: C:/Users/mercu/Documents/GitHub/seedQuestAssets/experiments/Jane_Prototype_MindPalace/Assets/PrototypeAssets/Art/Saloon/Models/SaloonNPC_Hat_Sombrero.fbx
2019-02-18 22:34:59: LOG: Import: C:/Users/mercu/Documents/GitHub/seedQuestAssets/experiments/Jane_Prototype_MindPalace/Assets/PrototypeAssets/Art/ItalianRestaurant/NonnaLight_Ceiling.fbx
2019-02-19 13:47:53: LOG: Import: C:/Users/mercu/Documents/GitHub/seedQuestAssets/experiments/Jane_Prototype_MindPalace/Assets/PrototypeAssets/Art/ItalianRestaurant/NonnaBorderBush01.fbx
2019-02-19 14:48:00: LOG: Import: C:/Users/mercu/Documents/GitHub/seedQuestAssets/experiments/Jane_Prototype_MindPalace/Assets/PrototypeAssets/Art/ItalianRestaurant/NonnaHost_Bear.fbx
