2018-09-17 11:49:19: LOG: Import: D:/the arts/the 3D/3D Models/Nintendo Switch - Super Mario Odyssey - Mario/Super Mario Odyssey/Mario/Mario.FBX
2018-09-17 11:49:21: LOG: [WARNING] BindPose - Incomplete BindPose [link nodes] - The following Link node(s) is/are not part of the BindPose definition. Head Cap HandR IndexFinger1R MiddleFinger1R IndexFinger2R IndexFinger3R Thumb1R ThirdFinger1R ThirdFinger2R Thumb2R LittleFinger1R LittleFinger2R MiddleFinger2R ThirdFinger3R LittleFinger3R MiddleFinger3R HandL MiddleFinger1L ThirdFinger1L ThirdFinger2L IndexFinger1L IndexFinger2L IndexFinger3L Thumb1L LittleFinger1L LittleFinger2L Thumb2L MiddleFinger2L ThirdFinger3L MiddleFinger3L LittleFinger3L ToothUpper ToothBottom Tongue01 Tongue02 Tongue03 MustacheL01 MustacheR01 MustacheL02 MustacheL03 MustacheR02 MustacheR03 BrowCenterR BrowInR BrowOutR BrowCenterL BrowOutL BrowInL Jaw CheekL02 MouthCornerL CheekBlowUpL CheekR02 MouthCornerR CheekBlowUpR LipLowerCenter LipLowerLeft LipUpper Nose LipLowerRight CheekL EyelidLowerL EyelidL EyelidR CheekR EyelidLowerR EyelidRightInside EyelidRight_1 EyelidRightOutside EyelidLeftInside EyelidLeft_1 EyelidLeftOutside Spine1 Spine2 FootL ToeL FootR
2018-09-17 11:49:21: LOG: [WARNING] BindPose - Incomplete BindPose [link nodes parents] - The following parent and/or ancestor node of the Link(s) is/are not part of the BindPose definition. Spine2 Spine1 JointRoot AllRoot nw4f_root ArmR2 ArmR1 ShoulderR ArmL2 ArmL1 ShoulderL MouthRoot Jaw CheekBlowUpL CheekBlowUpR LegL2 LegL1 Hip LegR2 LegR1
2018-09-24 15:22:06: LOG: Import: D:/the arts/the 3D/3D Models/Nintendo Switch - Super Mario Odyssey - Mario/Super Mario Odyssey/Mario/Mario.FBX
2018-09-24 15:22:08: LOG: [WARNING] BindPose - Incomplete BindPose [link nodes] - The following Link node(s) is/are not part of the BindPose definition. Head Cap HandR IndexFinger1R MiddleFinger1R IndexFinger2R IndexFinger3R Thumb1R ThirdFinger1R ThirdFinger2R Thumb2R LittleFinger1R LittleFinger2R MiddleFinger2R ThirdFinger3R LittleFinger3R MiddleFinger3R HandL MiddleFinger1L ThirdFinger1L ThirdFinger2L IndexFinger1L IndexFinger2L IndexFinger3L Thumb1L LittleFinger1L LittleFinger2L Thumb2L MiddleFinger2L ThirdFinger3L MiddleFinger3L LittleFinger3L ToothUpper ToothBottom Tongue01 Tongue02 Tongue03 MustacheL01 MustacheR01 MustacheL02 MustacheL03 MustacheR02 MustacheR03 BrowCenterR BrowInR BrowOutR BrowCenterL BrowOutL BrowInL Jaw CheekL02 MouthCornerL CheekBlowUpL CheekR02 MouthCornerR CheekBlowUpR LipLowerCenter LipLowerLeft LipUpper Nose LipLowerRight CheekL EyelidLowerL EyelidL EyelidR CheekR EyelidLowerR EyelidRightInside EyelidRight_1 EyelidRightOutside EyelidLeftInside EyelidLeft_1 EyelidLeftOutside Spine1 Spine2 FootL ToeL FootR
2018-09-24 15:22:08: LOG: [WARNING] BindPose - Incomplete BindPose [link nodes parents] - The following parent and/or ancestor node of the Link(s) is/are not part of the BindPose definition. Spine2 Spine1 JointRoot AllRoot nw4f_root ArmR2 ArmR1 ShoulderR ArmL2 ArmL1 ShoulderL MouthRoot Jaw CheekBlowUpL CheekBlowUpR LegL2 LegL1 Hip LegR2 LegR1
2018-09-24 15:26:36: LOG: Import: D:/the arts/the 3D/3D Models/Nintendo Switch - Super Mario Odyssey - Mario/Super Mario Odyssey/Bowser/Bowser.FBX
2018-09-24 15:26:38: LOG: [WARNING] BindPose - Incomplete BindPose [link nodes] - The following Link node(s) is/are not part of the BindPose definition. MustacheL01 MustacheR01 MustacheL02 MustacheL03 MustacheR02 MustacheR03 EyeL EyeR HairR2 HairR3 HairBack2 HairBack3 HairBack4 HairBack1 Face HairMiddle1 HairMiddle2 HairMiddle3 HairL2 HairL3 HairFront2 HairFront3 HairFront1 HairR1 HairL1 EyeLidBottomR EyeLidUpR EyeLidBottomL EyeLidUpL Tail3 Tail2 Tail1 Hip1 LegL1 LegL2 LegR2 LegR1 Armor BrowR3 BrowR4 BrowR2 BrowR1 BrowRoot BrowL3 BrowL4 BrowL2 BrowL1 Spine Neck ArmR1 ShoulderR1 Stomach LipSideL LipSideR ShoulderL ArmL1 WristR FingerThumbR1 FingerRA1 FingerRB1 FingerRC1 FingerThumbR2 FingerRA2 FingerRA3 FingerRB2 FingerRB3 WristL FingerThumbL1 FingerLC1 FingerLA1 FingerThumbL2 FingerThumbL3 Mouth1 LipUnderR Tongue2 LipUnderL FingerThumbR3 FingerRC2 FingerRC3 BraceR BraceL FootL1 FootL2 FootR1 FootR2 LipUpperR Nose LipUpperL FingerLA3 FingerLA2 FingerLB1 FingerLB2 FingerLB3 FingerLC2 FingerLC3 ArmR2 ArmL2 Tongue1
2018-09-24 15:26:38: LOG: [WARNING] BindPose - Incomplete BindPose [link nodes parents] - The following parent and/or ancestor node of the Link(s) is/are not part of the BindPose definition. Face Neck Spine Hip1 Center Root AllRoot nw4f_root HairR1 HairBack1 HairL1 HairFront1 Tail2 Tail1 LegR1 BrowRoot ShoulderR1 ArmR2 ArmL2 Tongue1 FingerLA2
2018-09-24 15:26:56: LOG: Import: D:/the arts/the 3D/3D Models/Nintendo Switch - Super Mario Odyssey - Mario/Super Mario Odyssey/Bowser/Bowser.FBX
2018-09-24 15:26:58: LOG: [WARNING] BindPose - Incomplete BindPose [link nodes] - The following Link node(s) is/are not part of the BindPose definition. MustacheL01 MustacheR01 MustacheL02 MustacheL03 MustacheR02 MustacheR03 EyeL EyeR HairR2 HairR3 HairBack2 HairBack3 HairBack4 HairBack1 Face HairMiddle1 HairMiddle2 HairMiddle3 HairL2 HairL3 HairFront2 HairFront3 HairFront1 HairR1 HairL1 EyeLidBottomR EyeLidUpR EyeLidBottomL EyeLidUpL Tail3 Tail2 Tail1 Hip1 LegL1 LegL2 LegR2 LegR1 Armor BrowR3 BrowR4 BrowR2 BrowR1 BrowRoot BrowL3 BrowL4 BrowL2 BrowL1 Spine Neck ArmR1 ShoulderR1 Stomach LipSideL LipSideR ShoulderL ArmL1 WristR FingerThumbR1 FingerRA1 FingerRB1 FingerRC1 FingerThumbR2 FingerRA2 FingerRA3 FingerRB2 FingerRB3 WristL FingerThumbL1 FingerLC1 FingerLA1 FingerThumbL2 FingerThumbL3 Mouth1 LipUnderR Tongue2 LipUnderL FingerThumbR3 FingerRC2 FingerRC3 BraceR BraceL FootL1 FootL2 FootR1 FootR2 LipUpperR Nose LipUpperL FingerLA3 FingerLA2 FingerLB1 FingerLB2 FingerLB3 FingerLC2 FingerLC3 ArmR2 ArmL2 Tongue1
2018-09-24 15:26:58: LOG: [WARNING] BindPose - Incomplete BindPose [link nodes parents] - The following parent and/or ancestor node of the Link(s) is/are not part of the BindPose definition. Face Neck Spine Hip1 Center Root AllRoot nw4f_root HairR1 HairBack1 HairL1 HairFront1 Tail2 Tail1 LegR1 BrowRoot ShoulderR1 ArmR2 ArmL2 Tongue1 FingerLA2
2018-09-24 16:17:24: LOG: Import: D:/the arts/the 3D/3D Models/Nintendo Switch - Super Mario Odyssey - Mario/Super Mario Odyssey/Peach/Peach.FBX
2018-09-24 16:17:27: LOG: [WARNING] BindPose - Incomplete BindPose [link nodes] - The following Link node(s) is/are not part of the BindPose definition. Head CheekR CheekL EyelidDownR EyelidDownL EyelidR EyelidL EyebrowR2 EyebrowR3 EyebrowR1 EyebrowL2 EyebrowL3 EyebrowL1 Spine2 Neck ShoulderL ShoulderR MouthUp MouthR MouthDown LegR2 LegR1 FootR ToeR LegL2 LegL1 FootL ToeL MouthDownLip MouthL ArmL1 ArmL2 ArmR1 ArmR2 HaneDownR1 HaneDownR2 HaneDownR3 Hair2 Hair1 HaneDownL2 HaneDownL1 HaneDownL3 Hair3 Hair4 HaneUpR HaneUpL EarringL EarringR HandL IndexFinger1L IndexFinger2L MiddleFinger1L MiddleFinger2L HandR IndexFinger1R MiddleFinger1R MiddleFinger2R IndexFinger2R Skirt5 Skirt6 Skirt2 Skirt3 Skirt1 Spine1 JointRoot Skirt4 Thumb1L Thumb2L ThirdFinger1L LittleFinger1L Thumb1R Thumb2R ThirdFinger1R LittleFinger1R LittleFinger2L ThirdFinger2L LittleFinger2R ThirdFinger2R LittleFinger3L Thumb3L LittleFinger3R Thumb3R ThirdFinger3L ThirdFinger3R MiddleFinger3L MiddleFinger3R IndexFinger3L IndexFinger3R
2018-09-24 16:17:27: LOG: [WARNING] BindPose - Incomplete BindPose [link nodes parents] - The following parent and/or ancestor node of the Link(s) is/are not part of the BindPose definition. Neck Spine2 Spine1 JointRoot AllRoot nw4f_root LegR1 Hip LegL1 Hair1 HaneDownL1 Skirt4 Skirt3 Skirt2 Skirt1
2018-09-24 18:08:15: LOG: Import: D:/the arts/the 3D/3D Models/Nintendo Switch - Super Mario Odyssey - Mario/Pyra/Pyra.FBX
2018-09-24 18:08:20: LOG: [WARNING] Unable to import some material(s) - The plug-in does not support the following material types:
 Material with type 'unknown' will be imported as a Phong material.
2018-10-15 18:03:50: LOG: Import: C:/Users/mercu/Documents/maya/projects/NonnaRistorante/scenes/NonnaTable_Red.fbx
2018-10-25 19:04:35: LOG: Import: D:/the arts/the 3D/3D Models/Nintendo Switch - Super Mario Odyssey - Mario/Super Mario Odyssey/Mario/Mario.FBX
2018-10-25 19:04:37: LOG: [WARNING] BindPose - Incomplete BindPose [link nodes] - The following Link node(s) is/are not part of the BindPose definition. Head Cap HandR IndexFinger1R MiddleFinger1R IndexFinger2R IndexFinger3R Thumb1R ThirdFinger1R ThirdFinger2R Thumb2R LittleFinger1R LittleFinger2R MiddleFinger2R ThirdFinger3R LittleFinger3R MiddleFinger3R HandL MiddleFinger1L ThirdFinger1L ThirdFinger2L IndexFinger1L IndexFinger2L IndexFinger3L Thumb1L LittleFinger1L LittleFinger2L Thumb2L MiddleFinger2L ThirdFinger3L MiddleFinger3L LittleFinger3L ToothUpper ToothBottom Tongue01 Tongue02 Tongue03 MustacheL01 MustacheR01 MustacheL02 MustacheL03 MustacheR02 MustacheR03 BrowCenterR BrowInR BrowOutR BrowCenterL BrowOutL BrowInL Jaw CheekL02 MouthCornerL CheekBlowUpL CheekR02 MouthCornerR CheekBlowUpR LipLowerCenter LipLowerLeft LipUpper Nose LipLowerRight CheekL EyelidLowerL EyelidL EyelidR CheekR EyelidLowerR EyelidRightInside EyelidRight_1 EyelidRightOutside EyelidLeftInside EyelidLeft_1 EyelidLeftOutside Spine1 Spine2 FootL ToeL FootR
2018-10-25 19:04:37: LOG: [WARNING] BindPose - Incomplete BindPose [link nodes parents] - The following parent and/or ancestor node of the Link(s) is/are not part of the BindPose definition. Spine2 Spine1 JointRoot AllRoot nw4f_root ArmR2 ArmR1 ShoulderR ArmL2 ArmL1 ShoulderL MouthRoot Jaw CheekBlowUpL CheekBlowUpR LegL2 LegL1 Hip LegR2 LegR1
2018-12-17 15:40:49: LOG: Import: C:/Users/mercu/Documents/maya/projects/NonnaRistorante/scenes/NonnaTable_Red.fbx
2018-12-17 15:41:32: LOG: Import: C:/Users/mercu/Documents/maya/projects/NonnaRistorante/scenes/NonnaChair_Rush.fbx
2018-12-17 16:07:56: LOG: Import: C:/Users/mercu/Documents/maya/projects/NonnaRistorante/scenes/NonnaChair_Rush.fbx
2018-12-17 18:45:54: LOG: Import: C:/Users/mercu/Documents/maya/projects/NonnaRistorante/scenes/NonnaTable_Red.fbx
2018-12-17 18:46:38: LOG: Import: C:/Users/mercu/Documents/maya/projects/NonnaRistorante/scenes/NonnaChair_Rush.fbx
2018-12-17 19:05:49: LOG: Import: C:/Users/mercu/Documents/maya/projects/NonnaRistorante/scenes/NonnaTable_Red.fbx
2018-12-17 20:22:35: LOG: Import: C:/Users/mercu/Documents/maya/projects/NonnaRistorante/scenes/NonnaChair_Rush.fbx
2018-12-18 15:19:08: LOG: Import: C:/Users/mercu/Documents/maya/projects/NonnaRistorante//scenes/NonnaTable_Red.fbx
2018-12-18 15:19:08: LOG: Import: C:/Users/mercu/Documents/maya/projects/NonnaRistorante//scenes/NonnaChair_Rush.fbx
2018-12-18 15:19:08: LOG: Import: C:/Users/mercu/Documents/maya/projects/NonnaRistorante//scenes/NonnaChair_Rush.fbx
2018-12-18 15:19:08: LOG: Import: C:/Users/mercu/Documents/maya/projects/NonnaRistorante//scenes/NonnaChair_Rush.fbx
2018-12-18 15:19:08: LOG: Import: C:/Users/mercu/Documents/maya/projects/NonnaRistorante//scenes/NonnaTable_Red.fbx
2018-12-18 15:19:08: LOG: Import: C:/Users/mercu/Documents/maya/projects/NonnaRistorante//scenes/NonnaChair_Rush.fbx
2018-12-18 16:50:57: LOG: Import: C:/Users/mercu/Documents/maya/projects/NonnaRistorante/scenes/NonnaTable_Red.fbx
2018-12-19 19:17:33: LOG: Import: C:/Users/mercu/Documents/maya/projects/NonnaRistorante//scenes/NonnaChair_Rush.fbx
2018-12-19 19:17:33: LOG: Import: C:/Users/mercu/Documents/maya/projects/NonnaRistorante//scenes/NonnaTable_Red.fbx
2018-12-19 19:17:33: LOG: Import: C:/Users/mercu/Documents/maya/projects/NonnaRistorante//scenes/NonnaChair_Rush.fbx
2018-12-19 19:17:33: LOG: Import: C:/Users/mercu/Documents/maya/projects/NonnaRistorante//scenes/NonnaTable_Red.fbx
2018-12-19 21:10:28: LOG: Import: C:/Users/mercu/Documents/maya/projects/NonnaRistorante//scenes/NonnaChair_Rush.fbx
2018-12-19 21:10:28: LOG: Import: C:/Users/mercu/Documents/maya/projects/NonnaRistorante//scenes/NonnaTable_Red.fbx
2018-12-19 21:10:28: LOG: Import: C:/Users/mercu/Documents/maya/projects/NonnaRistorante//scenes/NonnaChair_Rush.fbx
2018-12-19 21:10:28: LOG: Import: C:/Users/mercu/Documents/maya/projects/NonnaRistorante//scenes/NonnaTable_Red.fbx
2018-12-19 21:13:03: LOG: Import: C:/Users/mercu/Documents/maya/projects/NonnaRistorante//scenes/NonnaTable_Red.fbx
2018-12-19 21:13:03: LOG: Import: C:/Users/mercu/Documents/maya/projects/NonnaRistorante//scenes/NonnaChair_Rush.fbx
2018-12-19 21:13:04: LOG: Import: C:/Users/mercu/Documents/maya/projects/NonnaRistorante//scenes/NonnaChair_Rush.fbx
2018-12-19 21:13:04: LOG: Import: C:/Users/mercu/Documents/maya/projects/NonnaRistorante//scenes/NonnaChair_Rush.fbx
2018-12-19 21:13:04: LOG: Import: C:/Users/mercu/Documents/maya/projects/NonnaRistorante//scenes/NonnaTable_Red.fbx
2018-12-19 21:13:04: LOG: Import: C:/Users/mercu/Documents/maya/projects/NonnaRistorante//scenes/NonnaChair_Rush.fbx
2018-12-19 21:13:04: LOG: Import: C:/Users/mercu/Documents/maya/projects/NonnaRistorante//scenes/NonnaTable_Red.fbx
2018-12-19 21:16:10: LOG: Import: C:/Users/mercu/Documents/maya/projects/NonnaRistorante//scenes/NonnaTable_Red.fbx
2018-12-19 21:16:10: LOG: Import: C:/Users/mercu/Documents/maya/projects/NonnaRistorante//scenes/NonnaChair_Rush.fbx
2018-12-19 21:16:10: LOG: Import: C:/Users/mercu/Documents/maya/projects/NonnaRistorante//scenes/NonnaChair_Rush.fbx
2018-12-19 21:16:10: LOG: Import: C:/Users/mercu/Documents/maya/projects/NonnaRistorante//scenes/NonnaChair_Rush.fbx
2018-12-19 21:16:10: LOG: Import: C:/Users/mercu/Documents/maya/projects/NonnaRistorante//scenes/NonnaTable_Red.fbx
2018-12-19 21:16:10: LOG: Import: C:/Users/mercu/Documents/maya/projects/NonnaRistorante//scenes/NonnaChair_Rush.fbx
2018-12-19 21:16:10: LOG: Import: C:/Users/mercu/Documents/maya/projects/NonnaRistorante//scenes/NonnaTable_Red.fbx
2018-12-19 21:36:51: LOG: Import: C:/Users/mercu/Documents/maya/projects/NonnaRistorante//scenes/NonnaTable_Red.fbx
2018-12-19 21:36:51: LOG: Import: C:/Users/mercu/Documents/maya/projects/NonnaRistorante//scenes/NonnaChair_Rush.fbx
2018-12-19 21:36:51: LOG: Import: C:/Users/mercu/Documents/maya/projects/NonnaRistorante//scenes/NonnaChair_Rush.fbx
2018-12-19 21:36:51: LOG: Import: C:/Users/mercu/Documents/maya/projects/NonnaRistorante//scenes/NonnaChair_Rush.fbx
2018-12-19 21:36:51: LOG: Import: C:/Users/mercu/Documents/maya/projects/NonnaRistorante//scenes/NonnaTable_Red.fbx
2018-12-19 21:36:52: LOG: Import: C:/Users/mercu/Documents/maya/projects/NonnaRistorante//scenes/NonnaChair_Rush.fbx
2018-12-19 21:36:52: LOG: Import: C:/Users/mercu/Documents/maya/projects/NonnaRistorante//scenes/NonnaTable_Red.fbx
2018-12-19 22:17:25: LOG: Import: C:/Users/mercu/Documents/maya/projects/NonnaRistorante//scenes/NonnaChair_Rush.fbx
2018-12-19 22:17:25: LOG: Import: C:/Users/mercu/Documents/maya/projects/NonnaRistorante//scenes/NonnaTable_Red.fbx
2018-12-19 22:17:25: LOG: Import: C:/Users/mercu/Documents/maya/projects/NonnaRistorante//scenes/NonnaChair_Rush.fbx
2018-12-19 22:17:25: LOG: Import: C:/Users/mercu/Documents/maya/projects/NonnaRistorante//scenes/NonnaTable_Red.fbx
2018-12-20 15:50:34: LOG: Import: C:/Users/mercu/Documents/maya/projects/NonnaRistorante//scenes/NonnaTable_Red.fbx
2018-12-20 15:50:34: LOG: Import: C:/Users/mercu/Documents/maya/projects/NonnaRistorante//scenes/NonnaChair_Rush.fbx
2018-12-20 15:50:35: LOG: Import: C:/Users/mercu/Documents/maya/projects/NonnaRistorante//scenes/NonnaChair_Rush.fbx
2018-12-20 15:50:35: LOG: Import: C:/Users/mercu/Documents/maya/projects/NonnaRistorante//scenes/NonnaChair_Rush.fbx
2018-12-20 15:50:35: LOG: Import: C:/Users/mercu/Documents/maya/projects/NonnaRistorante//scenes/NonnaTable_Red.fbx
2018-12-20 15:50:35: LOG: Import: C:/Users/mercu/Documents/maya/projects/NonnaRistorante//scenes/NonnaChair_Rush.fbx
2018-12-20 15:50:35: LOG: Import: C:/Users/mercu/Documents/maya/projects/NonnaRistorante//scenes/NonnaTable_Red.fbx
2018-12-20 16:34:59: LOG: Import: C:/Users/mercu/Documents/maya/projects/NonnaRistorante//scenes/NonnaChair_Rush.fbx
2018-12-20 16:34:59: LOG: Import: C:/Users/mercu/Documents/maya/projects/NonnaRistorante//scenes/NonnaTable_Red.fbx
2018-12-20 16:35:00: LOG: Import: C:/Users/mercu/Documents/maya/projects/NonnaRistorante//scenes/NonnaChair_Rush.fbx
2018-12-20 16:35:00: LOG: Import: C:/Users/mercu/Documents/maya/projects/NonnaRistorante//scenes/NonnaTable_Red.fbx
2018-12-20 16:35:11: LOG: Import: C:/Users/mercu/Documents/maya/projects/NonnaRistorante//scenes/NonnaTable_Red.fbx
2018-12-20 16:35:11: LOG: Import: C:/Users/mercu/Documents/maya/projects/NonnaRistorante//scenes/NonnaChair_Rush.fbx
2018-12-20 16:35:11: LOG: Import: C:/Users/mercu/Documents/maya/projects/NonnaRistorante//scenes/NonnaChair_Rush.fbx
2018-12-20 16:35:11: LOG: Import: C:/Users/mercu/Documents/maya/projects/NonnaRistorante//scenes/NonnaChair_Rush.fbx
2018-12-20 16:35:11: LOG: Import: C:/Users/mercu/Documents/maya/projects/NonnaRistorante//scenes/NonnaTable_Red.fbx
2018-12-20 16:35:11: LOG: Import: C:/Users/mercu/Documents/maya/projects/NonnaRistorante//scenes/NonnaChair_Rush.fbx
2018-12-20 16:35:11: LOG: Import: C:/Users/mercu/Documents/maya/projects/NonnaRistorante//scenes/NonnaTable_Red.fbx
2018-12-31 19:34:41: LOG: Import: C:/Users/mercu/Documents/maya/projects/NonnaRistorante//scenes/NonnaTable_Red.fbx
2018-12-31 19:34:41: LOG: Import: C:/Users/mercu/Documents/maya/projects/NonnaRistorante//scenes/NonnaChair_Rush.fbx
2018-12-31 19:34:41: LOG: Import: C:/Users/mercu/Documents/maya/projects/NonnaRistorante//scenes/NonnaChair_Rush.fbx
2018-12-31 19:34:41: LOG: Import: C:/Users/mercu/Documents/maya/projects/NonnaRistorante//scenes/NonnaChair_Rush.fbx
2018-12-31 19:34:41: LOG: Import: C:/Users/mercu/Documents/maya/projects/NonnaRistorante//scenes/NonnaTable_Red.fbx
2018-12-31 19:34:41: LOG: Import: C:/Users/mercu/Documents/maya/projects/NonnaRistorante//scenes/NonnaChair_Rush.fbx
2018-12-31 19:34:41: LOG: Import: C:/Users/mercu/Documents/maya/projects/NonnaRistorante//scenes/NonnaTable_Red.fbx
2018-12-31 19:39:36: LOG: Import: C:/Users/Public/Documents/Unity Projects/Jane_Prototype_MindPalace/Assets/Models/NonnaWallDoor01.fbx
2018-12-31 19:51:52: LOG: Import: C:/Users/mercu/Documents/maya/projects/NonnaRistorante//scenes/NonnaTable_Red.fbx
2018-12-31 19:51:53: LOG: Import: C:/Users/mercu/Documents/maya/projects/NonnaRistorante//scenes/NonnaChair_Rush.fbx
2018-12-31 19:51:53: LOG: Import: C:/Users/mercu/Documents/maya/projects/NonnaRistorante//scenes/NonnaChair_Rush.fbx
2018-12-31 19:51:53: LOG: Import: C:/Users/mercu/Documents/maya/projects/NonnaRistorante//scenes/NonnaChair_Rush.fbx
2018-12-31 19:51:53: LOG: Import: C:/Users/mercu/Documents/maya/projects/NonnaRistorante//scenes/NonnaTable_Red.fbx
2018-12-31 19:51:53: LOG: Import: C:/Users/mercu/Documents/maya/projects/NonnaRistorante//scenes/NonnaChair_Rush.fbx
2018-12-31 19:51:53: LOG: Import: C:/Users/mercu/Documents/maya/projects/NonnaRistorante//scenes/NonnaTable_Red.fbx
2018-12-31 19:52:14: LOG: Import: C:/Users/mercu/Documents/maya/projects/NonnaRistorante//scenes/NonnaTable_Red.fbx
2018-12-31 19:52:14: LOG: Import: C:/Users/mercu/Documents/maya/projects/NonnaRistorante//scenes/NonnaChair_Rush.fbx
2018-12-31 19:52:14: LOG: Import: C:/Users/mercu/Documents/maya/projects/NonnaRistorante//scenes/NonnaChair_Rush.fbx
2018-12-31 19:52:14: LOG: Import: C:/Users/mercu/Documents/maya/projects/NonnaRistorante//scenes/NonnaChair_Rush.fbx
2018-12-31 19:52:14: LOG: Import: C:/Users/mercu/Documents/maya/projects/NonnaRistorante//scenes/NonnaTable_Red.fbx
2018-12-31 19:52:14: LOG: Import: C:/Users/mercu/Documents/maya/projects/NonnaRistorante//scenes/NonnaChair_Rush.fbx
2018-12-31 19:52:14: LOG: Import: C:/Users/mercu/Documents/maya/projects/NonnaRistorante//scenes/NonnaTable_Red.fbx
2018-12-31 20:07:49: LOG: Import: C:/Users/mercu/Documents/maya/projects/NonnaRistorante//scenes/NonnaTable_Red.fbx
2018-12-31 20:07:50: LOG: Import: C:/Users/mercu/Documents/maya/projects/NonnaRistorante//scenes/NonnaChair_Rush.fbx
2018-12-31 20:07:50: LOG: Import: C:/Users/mercu/Documents/maya/projects/NonnaRistorante//scenes/NonnaChair_Rush.fbx
2018-12-31 20:07:50: LOG: Import: C:/Users/mercu/Documents/maya/projects/NonnaRistorante//scenes/NonnaChair_Rush.fbx
2018-12-31 20:07:50: LOG: Import: C:/Users/mercu/Documents/maya/projects/NonnaRistorante//scenes/NonnaTable_Red.fbx
2018-12-31 20:07:50: LOG: Import: C:/Users/mercu/Documents/maya/projects/NonnaRistorante//scenes/NonnaChair_Rush.fbx
2018-12-31 20:07:50: LOG: Import: C:/Users/mercu/Documents/maya/projects/NonnaRistorante//scenes/NonnaTable_Red.fbx
2018-12-31 21:19:32: LOG: Import: C:/Users/Public/Documents/Unity Projects/Jane_Prototype_MindPalace/Assets/Models/NonnaNPC01.fbx
2018-12-31 21:23:17: LOG: Import: C:/Users/Public/Documents/Unity Projects/Jane_Prototype_MindPalace/Assets/Models/NonnaNPC01.fbx
2018-12-31 21:24:25: LOG: Import: C:/Users/Public/Documents/Unity Projects/Jane_Prototype_MindPalace/Assets/Models/NonnaNPC01.fbx
2019-01-02 18:12:42: LOG: Import: C:/Users/mercu/Documents/maya/projects/NonnaRistorante//scenes/NonnaTable_Red.fbx
2019-01-02 18:12:42: LOG: Import: C:/Users/mercu/Documents/maya/projects/NonnaRistorante//scenes/NonnaChair_Rush.fbx
2019-01-02 18:12:42: LOG: Import: C:/Users/mercu/Documents/maya/projects/NonnaRistorante//scenes/NonnaChair_Rush.fbx
2019-01-02 18:12:42: LOG: Import: C:/Users/mercu/Documents/maya/projects/NonnaRistorante//scenes/NonnaChair_Rush.fbx
2019-01-02 18:12:42: LOG: Import: C:/Users/mercu/Documents/maya/projects/NonnaRistorante//scenes/NonnaTable_Red.fbx
2019-01-02 18:12:42: LOG: Import: C:/Users/mercu/Documents/maya/projects/NonnaRistorante//scenes/NonnaChair_Rush.fbx
2019-01-02 18:12:42: LOG: Import: C:/Users/mercu/Documents/maya/projects/NonnaRistorante//scenes/NonnaTable_Red.fbx
2019-01-03 22:14:45: LOG: Import: C:/Users/mercu/Documents/maya/projects/NonnaRistorante//scenes/NonnaTable_Red.fbx
2019-01-03 22:14:45: LOG: Import: C:/Users/mercu/Documents/maya/projects/NonnaRistorante//scenes/NonnaChair_Rush.fbx
2019-01-03 22:14:45: LOG: Import: C:/Users/mercu/Documents/maya/projects/NonnaRistorante//scenes/NonnaChair_Rush.fbx
2019-01-03 22:14:45: LOG: Import: C:/Users/mercu/Documents/maya/projects/NonnaRistorante//scenes/NonnaChair_Rush.fbx
2019-01-03 22:14:45: LOG: Import: C:/Users/mercu/Documents/maya/projects/NonnaRistorante//scenes/NonnaTable_Red.fbx
2019-01-03 22:14:46: LOG: Import: C:/Users/mercu/Documents/maya/projects/NonnaRistorante//scenes/NonnaChair_Rush.fbx
2019-01-03 22:14:46: LOG: Import: C:/Users/mercu/Documents/maya/projects/NonnaRistorante//scenes/NonnaTable_Red.fbx
2019-01-04 12:23:19: LOG: Import: C:/Users/mercu/Documents/maya/projects/NonnaRistorante//scenes/NonnaTable_Red.fbx
2019-01-04 12:23:19: LOG: Import: C:/Users/mercu/Documents/maya/projects/NonnaRistorante//scenes/NonnaChair_Rush.fbx
2019-01-04 12:23:19: LOG: Import: C:/Users/mercu/Documents/maya/projects/NonnaRistorante//scenes/NonnaChair_Rush.fbx
2019-01-04 12:23:19: LOG: Import: C:/Users/mercu/Documents/maya/projects/NonnaRistorante//scenes/NonnaChair_Rush.fbx
2019-01-04 12:23:19: LOG: Import: C:/Users/mercu/Documents/maya/projects/NonnaRistorante//scenes/NonnaTable_Red.fbx
2019-01-04 12:23:19: LOG: Import: C:/Users/mercu/Documents/maya/projects/NonnaRistorante//scenes/NonnaChair_Rush.fbx
2019-01-04 12:23:19: LOG: Import: C:/Users/mercu/Documents/maya/projects/NonnaRistorante//scenes/NonnaTable_Red.fbx
2019-01-05 23:31:54: LOG: Import: C:/Users/mercu/Documents/maya/projects/NonnaRistorante/scenes/NonnaTable_Red.fbx
2019-01-05 23:32:06: LOG: Import: C:/Users/mercu/Documents/maya/projects/NonnaRistorante/scenes/NonnaChair_Rush.fbx
2019-01-05 23:32:50: LOG: Import: C:/Users/mercu/Documents/maya/projects/NonnaRistorante//scenes/NonnaTable_Red.fbx
2019-01-05 23:32:51: LOG: Import: C:/Users/mercu/Documents/maya/projects/NonnaRistorante//scenes/NonnaTable_Red.fbx
2019-01-05 23:32:52: LOG: Import: C:/Users/mercu/Documents/maya/projects/NonnaRistorante//scenes/NonnaTable_Red.fbx
2019-01-06 07:54:06: LOG: Import: C:/Users/mercu/Documents/GitHub/seedQuestAssets/experiments/Jane_Prototype_MindPalace/Assets/Models/TestOBJ05.fbx
2019-01-06 07:54:12: LOG: Import: C:/Users/mercu/Documents/GitHub/seedQuestAssets/experiments/Jane_Prototype_MindPalace/Assets/Models/TestOBJ02.fbx
2019-01-06 07:54:23: LOG: Import: C:/Users/mercu/Documents/GitHub/seedQuestAssets/experiments/Jane_Prototype_MindPalace/Assets/Models/TestOBJ04.fbx
2019-01-06 07:55:22: LOG: Import: C:/Users/mercu/Documents/GitHub/seedQuestAssets/experiments/Jane_Prototype_MindPalace/Assets/Models/TestOBJ01.fbx
2019-01-07 11:11:54: LOG: Import: C:/Users/mercu/Documents/maya/projects/NonnaRistorante/scenes/WhiteBox/SaloonTable.fbx
2019-01-07 11:12:32: LOG: Import: C:/Users/mercu/Documents/maya/projects/NonnaRistorante/scenes/WhiteBox/SaloonTable.fbx
2019-01-08 09:20:14: LOG: Import: C:/Users/mercu/Documents/GitHub/seedQuestAssets/experiments/Jane_Prototype_MindPalace/Assets/Models/Camp/CampWallDoor01.fbx
2019-01-08 09:53:03: LOG: Import: C:/Users/mercu/Documents/GitHub/seedQuestAssets/experiments/Jane_Prototype_MindPalace/Assets/Models/ItalianRestaurant/NonnaWallDoor01.fbx
2019-01-08 11:59:02: LOG: Import: C:/Users/mercu/Documents/maya/projects/NonnaRistorante//scenes/NonnaTable_Red.fbx
2019-01-08 11:59:03: LOG: Import: C:/Users/mercu/Documents/maya/projects/NonnaRistorante//scenes/NonnaChair_Rush.fbx
2019-01-08 11:59:03: LOG: Import: C:/Users/mercu/Documents/maya/projects/NonnaRistorante//scenes/NonnaChair_Rush.fbx
2019-01-08 11:59:03: LOG: Import: C:/Users/mercu/Documents/maya/projects/NonnaRistorante//scenes/NonnaChair_Rush.fbx
2019-01-08 11:59:03: LOG: Import: C:/Users/mercu/Documents/maya/projects/NonnaRistorante//scenes/NonnaTable_Red.fbx
2019-01-08 11:59:03: LOG: Import: C:/Users/mercu/Documents/maya/projects/NonnaRistorante//scenes/NonnaChair_Rush.fbx
2019-01-08 11:59:03: LOG: Import: C:/Users/mercu/Documents/maya/projects/NonnaRistorante//scenes/NonnaTable_Red.fbx
2019-01-09 20:55:03: LOG: Import: C:/Users/mercu/Documents/maya/projects/NonnaRistorante//scenes/NonnaTable_Red.fbx
2019-01-09 20:55:04: LOG: Import: C:/Users/mercu/Documents/maya/projects/NonnaRistorante//scenes/NonnaChair_Rush.fbx
2019-01-09 20:55:04: LOG: Import: C:/Users/mercu/Documents/maya/projects/NonnaRistorante//scenes/NonnaChair_Rush.fbx
2019-01-09 20:55:04: LOG: Import: C:/Users/mercu/Documents/maya/projects/NonnaRistorante//scenes/NonnaChair_Rush.fbx
2019-01-09 20:55:04: LOG: Import: C:/Users/mercu/Documents/maya/projects/NonnaRistorante//scenes/NonnaTable_Red.fbx
2019-01-09 20:55:04: LOG: Import: C:/Users/mercu/Documents/maya/projects/NonnaRistorante//scenes/NonnaChair_Rush.fbx
2019-01-09 20:55:04: LOG: Import: C:/Users/mercu/Documents/maya/projects/NonnaRistorante//scenes/NonnaTable_Red.fbx
2019-01-10 11:28:47: LOG: Import: C:/Users/mercu/Documents/maya/projects/NonnaRistorante//scenes/NonnaTable_Red.fbx
2019-01-10 11:28:47: LOG: Import: C:/Users/mercu/Documents/maya/projects/NonnaRistorante//scenes/NonnaChair_Rush.fbx
2019-01-10 11:28:47: LOG: Import: C:/Users/mercu/Documents/maya/projects/NonnaRistorante//scenes/NonnaChair_Rush.fbx
2019-01-10 11:28:47: LOG: Import: C:/Users/mercu/Documents/maya/projects/NonnaRistorante//scenes/NonnaChair_Rush.fbx
2019-01-10 11:28:47: LOG: Import: C:/Users/mercu/Documents/maya/projects/NonnaRistorante//scenes/NonnaTable_Red.fbx
2019-01-10 11:28:47: LOG: Import: C:/Users/mercu/Documents/maya/projects/NonnaRistorante//scenes/NonnaChair_Rush.fbx
2019-01-10 11:28:48: LOG: Import: C:/Users/mercu/Documents/maya/projects/NonnaRistorante//scenes/NonnaTable_Red.fbx
2019-01-10 14:52:46: LOG: Import: C:/Users/mercu/Documents/GitHub/seedQuestAssets/experiments/Jane_Prototype_MindPalace/Assets/Models/Saloon/SaloonPokerPot_Cheese.fbx
2019-01-10 20:35:56: LOG: Import: C:/Users/mercu/Documents/GitHub/seedQuestAssets/experiments/Jane_Prototype_MindPalace/Assets/Models/ItalianRestaurant/NonnaFood_Spaghetti.fbx
2019-01-10 20:46:14: LOG: Import: C:/Users/mercu/Documents/maya/projects/NonnaRistorante//scenes/NonnaTable_Red.fbx
2019-01-10 20:46:14: LOG: Import: C:/Users/mercu/Documents/maya/projects/NonnaRistorante//scenes/NonnaChair_Rush.fbx
2019-01-10 20:46:14: LOG: Import: C:/Users/mercu/Documents/maya/projects/NonnaRistorante//scenes/NonnaChair_Rush.fbx
2019-01-10 20:46:14: LOG: Import: C:/Users/mercu/Documents/maya/projects/NonnaRistorante//scenes/NonnaChair_Rush.fbx
2019-01-10 20:46:14: LOG: Import: C:/Users/mercu/Documents/maya/projects/NonnaRistorante//scenes/NonnaTable_Red.fbx
2019-01-10 20:46:14: LOG: Import: C:/Users/mercu/Documents/maya/projects/NonnaRistorante//scenes/NonnaChair_Rush.fbx
2019-01-10 20:46:14: LOG: Import: C:/Users/mercu/Documents/maya/projects/NonnaRistorante//scenes/NonnaTable_Red.fbx
2019-01-10 20:47:03: LOG: Import: C:/Users/mercu/Documents/maya/projects/NonnaRistorante/scenes/WhiteBox/Obj/Spaghetti.fbx
2019-01-10 22:02:03: LOG: Import: C:/Users/mercu/Documents/maya/projects/NonnaRistorante/scenes/WhiteBox/Obj/Spaghetti.fbx
2019-01-10 22:03:55: LOG: Import: C:/Users/mercu/Documents/maya/projects/NonnaRistorante/scenes/WhiteBox/Obj/BreadBasket.fbx
2019-01-11 05:18:01: LOG: Import: C:/Users/mercu/Documents/maya/projects/NonnaRistorante//scenes/NonnaTable_Red.fbx
2019-01-11 05:18:01: LOG: Import: C:/Users/mercu/Documents/maya/projects/NonnaRistorante//scenes/NonnaChair_Rush.fbx
2019-01-11 05:18:01: LOG: Import: C:/Users/mercu/Documents/maya/projects/NonnaRistorante//scenes/NonnaChair_Rush.fbx
2019-01-11 05:18:01: LOG: Import: C:/Users/mercu/Documents/maya/projects/NonnaRistorante//scenes/NonnaChair_Rush.fbx
2019-01-11 05:18:01: LOG: Import: C:/Users/mercu/Documents/maya/projects/NonnaRistorante//scenes/NonnaTable_Red.fbx
2019-01-11 05:18:01: LOG: Import: C:/Users/mercu/Documents/maya/projects/NonnaRistorante//scenes/NonnaChair_Rush.fbx
2019-01-11 05:18:01: LOG: Import: C:/Users/mercu/Documents/maya/projects/NonnaRistorante//scenes/NonnaTable_Red.fbx
2019-01-11 06:07:18: LOG: Import: C:/Users/mercu/Documents/GitHub/seedQuestAssets/experiments/Jane_Prototype_MindPalace/Assets/Models/ItalianRestaurant/NonnaWallDoor01.fbx
2019-01-11 06:08:37: LOG: Import: C:/Users/Public/Documents/Unity Projects/Jane_Prototype_MindPalace/Assets/Models/ItalianRestaurant/NonnaWallDoor01.fbx
2019-01-11 07:41:06: LOG: Import: C:/Users/mercu/Documents/maya/projects/NonnaRistorante//scenes/NonnaTable_Red.fbx
2019-01-11 07:41:06: LOG: Import: C:/Users/mercu/Documents/maya/projects/NonnaRistorante//scenes/NonnaChair_Rush.fbx
2019-01-11 07:41:06: LOG: Import: C:/Users/mercu/Documents/maya/projects/NonnaRistorante//scenes/NonnaChair_Rush.fbx
2019-01-11 07:41:06: LOG: Import: C:/Users/mercu/Documents/maya/projects/NonnaRistorante//scenes/NonnaChair_Rush.fbx
2019-01-11 07:41:06: LOG: Import: C:/Users/mercu/Documents/maya/projects/NonnaRistorante//scenes/NonnaTable_Red.fbx
2019-01-11 07:41:06: LOG: Import: C:/Users/mercu/Documents/maya/projects/NonnaRistorante//scenes/NonnaChair_Rush.fbx
2019-01-11 07:41:06: LOG: Import: C:/Users/mercu/Documents/maya/projects/NonnaRistorante//scenes/NonnaTable_Red.fbx
2019-01-11 09:14:03: LOG: Import: C:/Users/mercu/Documents/GitHub/seedQuestAssets/experiments/Jane_Prototype_MindPalace/Assets/Models/Saloon/SaloonTable.fbx
2019-01-11 10:49:09: LOG: Import: C:/Users/mercu/Documents/GitHub/seedQuestAssets/experiments/Jane_Prototype_MindPalace/Assets/Models/Saloon/SaloonPokerPot_Candy.fbx
2019-01-11 12:15:08: LOG: Import: C:/Users/mercu/Documents/GitHub/seedQuestAssets/experiments/Jane_Prototype_MindPalace/Assets/Models/ItalianRestaurant/NonnaFood_Spaghetti.fbx
2019-01-11 16:04:40: LOG: Import: C:/Users/mercu/Documents/maya/projects/NonnaRistorante//scenes/NonnaTable_Red.fbx
2019-01-11 16:04:40: LOG: Import: C:/Users/mercu/Documents/maya/projects/NonnaRistorante//scenes/NonnaChair_Rush.fbx
2019-01-11 16:04:40: LOG: Import: C:/Users/mercu/Documents/maya/projects/NonnaRistorante//scenes/NonnaChair_Rush.fbx
2019-01-11 16:04:40: LOG: Import: C:/Users/mercu/Documents/maya/projects/NonnaRistorante//scenes/NonnaChair_Rush.fbx
2019-01-11 16:04:40: LOG: Import: C:/Users/mercu/Documents/maya/projects/NonnaRistorante//scenes/NonnaTable_Red.fbx
2019-01-11 16:04:40: LOG: Import: C:/Users/mercu/Documents/maya/projects/NonnaRistorante//scenes/NonnaChair_Rush.fbx
2019-01-11 16:04:40: LOG: Import: C:/Users/mercu/Documents/maya/projects/NonnaRistorante//scenes/NonnaTable_Red.fbx
2019-01-13 19:11:06: LOG: Import: C:/Users/mercu/Documents/maya/projects/NonnaRistorante//scenes/NonnaTable_Red.fbx
2019-01-13 19:11:06: LOG: Import: C:/Users/mercu/Documents/maya/projects/NonnaRistorante//scenes/NonnaChair_Rush.fbx
2019-01-13 19:11:06: LOG: Import: C:/Users/mercu/Documents/maya/projects/NonnaRistorante//scenes/NonnaChair_Rush.fbx
2019-01-13 19:11:06: LOG: Import: C:/Users/mercu/Documents/maya/projects/NonnaRistorante//scenes/NonnaChair_Rush.fbx
2019-01-13 19:11:06: LOG: Import: C:/Users/mercu/Documents/maya/projects/NonnaRistorante//scenes/NonnaTable_Red.fbx
2019-01-13 19:11:06: LOG: Import: C:/Users/mercu/Documents/maya/projects/NonnaRistorante//scenes/NonnaChair_Rush.fbx
2019-01-13 19:11:06: LOG: Import: C:/Users/mercu/Documents/maya/projects/NonnaRistorante//scenes/NonnaTable_Red.fbx
2019-01-13 20:21:22: LOG: Import: C:/Users/mercu/Documents/maya/projects/NonnaRistorante//scenes/NonnaTable_Red.fbx
2019-01-13 20:21:22: LOG: Import: C:/Users/mercu/Documents/maya/projects/NonnaRistorante//scenes/NonnaChair_Rush.fbx
2019-01-13 20:21:22: LOG: Import: C:/Users/mercu/Documents/maya/projects/NonnaRistorante//scenes/NonnaChair_Rush.fbx
2019-01-13 20:21:22: LOG: Import: C:/Users/mercu/Documents/maya/projects/NonnaRistorante//scenes/NonnaChair_Rush.fbx
2019-01-13 20:21:23: LOG: Import: C:/Users/mercu/Documents/maya/projects/NonnaRistorante//scenes/NonnaTable_Red.fbx
2019-01-13 20:21:23: LOG: Import: C:/Users/mercu/Documents/maya/projects/NonnaRistorante//scenes/NonnaChair_Rush.fbx
2019-01-13 20:21:23: LOG: Import: C:/Users/mercu/Documents/maya/projects/NonnaRistorante//scenes/NonnaTable_Red.fbx
2019-01-13 20:57:36: LOG: Import: C:/Users/mercu/Documents/GitHub/seedQuestAssets/experiments/Jane_Prototype_MindPalace/Assets/Models/ItalianRestaurant/NonnaShelfLG_Sweets1.fbx
2019-01-13 20:59:01: LOG: Import: C:/Users/mercu/Documents/GitHub/seedQuestAssets/experiments/Jane_Prototype_MindPalace/Assets/Models/ItalianRestaurant/NonnaShelfLG_Sweets.fbx
2019-01-13 21:43:14: LOG: Import: C:/Users/mercu/Documents/GitHub/seedQuestAssets/experiments/Jane_Prototype_MindPalace/Assets/Models/ItalianRestaurant/NonnaFood_Spaghetti.fbx
2019-01-14 01:33:41: LOG: Import: C:/Users/mercu/Documents/GitHub/seedQuestAssets/experiments/Jane_Prototype_MindPalace/Assets/Models/ItalianRestaurant/NonnaFood_Plate.fbx
2019-01-14 03:32:08: LOG: Import: C:/Users/mercu/Documents/maya/projects/NonnaRistorante/scenes/NonnaTable_Red.fbx
2019-01-14 04:53:41: LOG: Import: C:/Users/mercu/Documents/GitHub/seedQuestAssets/experiments/Jane_Prototype_MindPalace/Assets/Models/ItalianRestaurant/NonnaFood_Wine.fbx
2019-01-15 22:51:47: LOG: Import: C:/Users/mercu/Documents/maya/projects/NonnaRistorante//scenes/NonnaTable_Red.fbx
2019-01-15 22:51:47: LOG: Import: C:/Users/mercu/Documents/maya/projects/NonnaRistorante//scenes/NonnaChair_Rush.fbx
2019-01-15 22:51:47: LOG: Import: C:/Users/mercu/Documents/maya/projects/NonnaRistorante//scenes/NonnaChair_Rush.fbx
2019-01-15 22:51:47: LOG: Import: C:/Users/mercu/Documents/maya/projects/NonnaRistorante//scenes/NonnaChair_Rush.fbx
2019-01-15 22:51:48: LOG: Import: C:/Users/mercu/Documents/maya/projects/NonnaRistorante//scenes/NonnaTable_Red.fbx
2019-01-15 22:51:48: LOG: Import: C:/Users/mercu/Documents/maya/projects/NonnaRistorante//scenes/NonnaChair_Rush.fbx
2019-01-15 22:51:48: LOG: Import: C:/Users/mercu/Documents/maya/projects/NonnaRistorante//scenes/NonnaTable_Red.fbx
2019-01-16 17:32:12: LOG: Import: C:/Users/mercu/Documents/maya/projects/NonnaRistorante//scenes/NonnaTable_Red.fbx
2019-01-16 17:32:12: LOG: Import: C:/Users/mercu/Documents/maya/projects/NonnaRistorante//scenes/NonnaChair_Rush.fbx
2019-01-16 17:32:12: LOG: Import: C:/Users/mercu/Documents/maya/projects/NonnaRistorante//scenes/NonnaChair_Rush.fbx
2019-01-16 17:32:12: LOG: Import: C:/Users/mercu/Documents/maya/projects/NonnaRistorante//scenes/NonnaChair_Rush.fbx
2019-01-16 17:32:12: LOG: Import: C:/Users/mercu/Documents/maya/projects/NonnaRistorante//scenes/NonnaTable_Red.fbx
2019-01-16 17:32:12: LOG: Import: C:/Users/mercu/Documents/maya/projects/NonnaRistorante//scenes/NonnaChair_Rush.fbx
2019-01-16 17:32:12: LOG: Import: C:/Users/mercu/Documents/maya/projects/NonnaRistorante//scenes/NonnaTable_Red.fbx
2019-01-16 17:45:13: LOG: Import: C:/Users/mercu/Documents/maya/projects/NonnaRistorante//scenes/NonnaTable_Red.fbx
2019-01-16 17:45:13: LOG: Import: C:/Users/mercu/Documents/maya/projects/NonnaRistorante//scenes/NonnaChair_Rush.fbx
2019-01-16 17:45:13: LOG: Import: C:/Users/mercu/Documents/maya/projects/NonnaRistorante//scenes/NonnaChair_Rush.fbx
2019-01-16 17:45:13: LOG: Import: C:/Users/mercu/Documents/maya/projects/NonnaRistorante//scenes/NonnaChair_Rush.fbx
2019-01-16 17:45:13: LOG: Import: C:/Users/mercu/Documents/maya/projects/NonnaRistorante//scenes/NonnaTable_Red.fbx
2019-01-16 17:45:13: LOG: Import: C:/Users/mercu/Documents/maya/projects/NonnaRistorante//scenes/NonnaChair_Rush.fbx
2019-01-16 17:45:13: LOG: Import: C:/Users/mercu/Documents/maya/projects/NonnaRistorante//scenes/NonnaTable_Red.fbx
2019-01-16 17:58:34: LOG: Import: C:/Users/mercu/Documents/maya/projects/NonnaRistorante//scenes/NonnaTable_Red.fbx
2019-01-16 17:58:34: LOG: Import: C:/Users/mercu/Documents/maya/projects/NonnaRistorante//scenes/NonnaChair_Rush.fbx
2019-01-16 17:58:34: LOG: Import: C:/Users/mercu/Documents/maya/projects/NonnaRistorante//scenes/NonnaChair_Rush.fbx
2019-01-16 17:58:34: LOG: Import: C:/Users/mercu/Documents/maya/projects/NonnaRistorante//scenes/NonnaChair_Rush.fbx
2019-01-16 17:58:34: LOG: Import: C:/Users/mercu/Documents/maya/projects/NonnaRistorante//scenes/NonnaTable_Red.fbx
2019-01-16 17:58:34: LOG: Import: C:/Users/mercu/Documents/maya/projects/NonnaRistorante//scenes/NonnaChair_Rush.fbx
2019-01-16 17:58:34: LOG: Import: C:/Users/mercu/Documents/maya/projects/NonnaRistorante//scenes/NonnaTable_Red.fbx
2019-01-16 23:35:33: LOG: Import: C:/Users/mercu/Documents/GitHub/seedQuestAssets/experiments/Jane_Prototype_MindPalace/Assets/Models/ItalianRestaurant/NonnaBasketBread.fbx
2019-01-17 01:24:47: LOG: Import: C:/Users/mercu/Documents/maya/projects/NonnaRistorante//scenes/NonnaTable_Red.fbx
2019-01-17 01:24:47: LOG: Import: C:/Users/mercu/Documents/maya/projects/NonnaRistorante//scenes/NonnaChair_Rush.fbx
2019-01-17 01:24:47: LOG: Import: C:/Users/mercu/Documents/maya/projects/NonnaRistorante//scenes/NonnaChair_Rush.fbx
2019-01-17 01:24:47: LOG: Import: C:/Users/mercu/Documents/maya/projects/NonnaRistorante//scenes/NonnaChair_Rush.fbx
2019-01-17 01:24:47: LOG: Import: C:/Users/mercu/Documents/maya/projects/NonnaRistorante//scenes/NonnaTable_Red.fbx
2019-01-17 01:24:47: LOG: Import: C:/Users/mercu/Documents/maya/projects/NonnaRistorante//scenes/NonnaChair_Rush.fbx
2019-01-17 01:24:47: LOG: Import: C:/Users/mercu/Documents/maya/projects/NonnaRistorante//scenes/NonnaTable_Red.fbx
2019-01-17 01:28:04: LOG: Import: C:/Users/mercu/Documents/GitHub/seedQuestAssets/experiments/Jane_Prototype_MindPalace/Assets/Models/ItalianRestaurant/ISO/NonnaIso_WindowLG.fbx
2019-01-17 01:30:32: LOG: Import: C:/Users/mercu/Documents/GitHub/seedQuestAssets/experiments/Jane_Prototype_MindPalace/Assets/Models/ItalianRestaurant/ISO/NonnaIso_WindowSML.fbx
2019-01-17 01:41:38: LOG: Import: C:/Users/mercu/Documents/maya/projects/NonnaRistorante//scenes/NonnaTable_Red.fbx
2019-01-17 01:41:38: LOG: Import: C:/Users/mercu/Documents/maya/projects/NonnaRistorante//scenes/NonnaChair_Rush.fbx
2019-01-17 01:41:38: LOG: Import: C:/Users/mercu/Documents/maya/projects/NonnaRistorante//scenes/NonnaChair_Rush.fbx
2019-01-17 01:41:38: LOG: Import: C:/Users/mercu/Documents/maya/projects/NonnaRistorante//scenes/NonnaChair_Rush.fbx
2019-01-17 01:41:38: LOG: Import: C:/Users/mercu/Documents/maya/projects/NonnaRistorante//scenes/NonnaTable_Red.fbx
2019-01-17 01:41:38: LOG: Import: C:/Users/mercu/Documents/maya/projects/NonnaRistorante//scenes/NonnaChair_Rush.fbx
2019-01-17 01:41:38: LOG: Import: C:/Users/mercu/Documents/maya/projects/NonnaRistorante//scenes/NonnaTable_Red.fbx
2019-01-17 09:05:43: LOG: Import: C:/Users/mercu/Documents/maya/projects/NonnaRistorante//scenes/NonnaTable_Red.fbx
2019-01-17 09:05:43: LOG: Import: C:/Users/mercu/Documents/maya/projects/NonnaRistorante//scenes/NonnaChair_Rush.fbx
2019-01-17 09:05:43: LOG: Import: C:/Users/mercu/Documents/maya/projects/NonnaRistorante//scenes/NonnaChair_Rush.fbx
2019-01-17 09:05:43: LOG: Import: C:/Users/mercu/Documents/maya/projects/NonnaRistorante//scenes/NonnaChair_Rush.fbx
2019-01-17 09:05:43: LOG: Import: C:/Users/mercu/Documents/maya/projects/NonnaRistorante//scenes/NonnaTable_Red.fbx
2019-01-17 09:05:43: LOG: Import: C:/Users/mercu/Documents/maya/projects/NonnaRistorante//scenes/NonnaChair_Rush.fbx
2019-01-17 09:05:43: LOG: Import: C:/Users/mercu/Documents/maya/projects/NonnaRistorante//scenes/NonnaTable_Red.fbx
2019-01-21 06:20:28: LOG: Import: C:/Users/mercu/Documents/maya/projects/NonnaRistorante//scenes/NonnaTable_Red.fbx
2019-01-21 06:20:28: LOG: Import: C:/Users/mercu/Documents/maya/projects/NonnaRistorante//scenes/NonnaChair_Rush.fbx
2019-01-21 06:20:28: LOG: Import: C:/Users/mercu/Documents/maya/projects/NonnaRistorante//scenes/NonnaChair_Rush.fbx
2019-01-21 06:20:28: LOG: Import: C:/Users/mercu/Documents/maya/projects/NonnaRistorante//scenes/NonnaChair_Rush.fbx
2019-01-21 06:20:28: LOG: Import: C:/Users/mercu/Documents/maya/projects/NonnaRistorante//scenes/NonnaTable_Red.fbx
2019-01-21 06:20:28: LOG: Import: C:/Users/mercu/Documents/maya/projects/NonnaRistorante//scenes/NonnaChair_Rush.fbx
2019-01-21 06:20:28: LOG: Import: C:/Users/mercu/Documents/maya/projects/NonnaRistorante//scenes/NonnaTable_Red.fbx
2019-01-29 20:41:02: LOG: Import: C:/Users/mercu/Documents/maya/projects/NonnaRistorante//scenes/NonnaTable_Red.fbx
2019-01-29 20:41:02: LOG: Import: C:/Users/mercu/Documents/maya/projects/NonnaRistorante//scenes/NonnaChair_Rush.fbx
2019-01-29 20:41:02: LOG: Import: C:/Users/mercu/Documents/maya/projects/NonnaRistorante//scenes/NonnaChair_Rush.fbx
2019-01-29 20:41:02: LOG: Import: C:/Users/mercu/Documents/maya/projects/NonnaRistorante//scenes/NonnaChair_Rush.fbx
2019-01-29 20:41:03: LOG: Import: C:/Users/mercu/Documents/maya/projects/NonnaRistorante//scenes/NonnaTable_Red.fbx
2019-01-29 20:41:03: LOG: Import: C:/Users/mercu/Documents/maya/projects/NonnaRistorante//scenes/NonnaChair_Rush.fbx
2019-01-29 20:41:03: LOG: Import: C:/Users/mercu/Documents/maya/projects/NonnaRistorante//scenes/NonnaTable_Red.fbx
2019-01-31 20:51:57: LOG: Import: C:/Users/mercu/Documents/maya/projects/NonnaRistorante//scenes/NonnaTable_Red.fbx
2019-01-31 20:51:57: LOG: Import: C:/Users/mercu/Documents/maya/projects/NonnaRistorante//scenes/NonnaChair_Rush.fbx
2019-01-31 20:51:57: LOG: Import: C:/Users/mercu/Documents/maya/projects/NonnaRistorante//scenes/NonnaChair_Rush.fbx
2019-01-31 20:51:57: LOG: Import: C:/Users/mercu/Documents/maya/projects/NonnaRistorante//scenes/NonnaChair_Rush.fbx
2019-01-31 20:51:57: LOG: Import: C:/Users/mercu/Documents/maya/projects/NonnaRistorante//scenes/NonnaTable_Red.fbx
2019-01-31 20:51:57: LOG: Import: C:/Users/mercu/Documents/maya/projects/NonnaRistorante//scenes/NonnaChair_Rush.fbx
2019-01-31 20:51:57: LOG: Import: C:/Users/mercu/Documents/maya/projects/NonnaRistorante//scenes/NonnaTable_Red.fbx
2019-01-31 23:08:18: LOG: Import: C:/Users/mercu/Documents/maya/projects/NonnaRistorante//scenes/NonnaTable_Red.fbx
2019-01-31 23:08:18: LOG: Import: C:/Users/mercu/Documents/maya/projects/NonnaRistorante//scenes/NonnaChair_Rush.fbx
2019-01-31 23:08:18: LOG: Import: C:/Users/mercu/Documents/maya/projects/NonnaRistorante//scenes/NonnaChair_Rush.fbx
2019-01-31 23:08:19: LOG: Import: C:/Users/mercu/Documents/maya/projects/NonnaRistorante//scenes/NonnaChair_Rush.fbx
2019-01-31 23:08:19: LOG: Import: C:/Users/mercu/Documents/maya/projects/NonnaRistorante//scenes/NonnaTable_Red.fbx
2019-01-31 23:08:19: LOG: Import: C:/Users/mercu/Documents/maya/projects/NonnaRistorante//scenes/NonnaChair_Rush.fbx
2019-01-31 23:08:19: LOG: Import: C:/Users/mercu/Documents/maya/projects/NonnaRistorante//scenes/NonnaTable_Red.fbx
2019-02-01 15:59:46: LOG: Import: C:/Users/mercu/Documents/maya/projects/NonnaRistorante//scenes/NonnaTable_Red.fbx
2019-02-01 15:59:47: LOG: Import: C:/Users/mercu/Documents/maya/projects/NonnaRistorante//scenes/NonnaChair_Rush.fbx
2019-02-01 15:59:47: LOG: Import: C:/Users/mercu/Documents/maya/projects/NonnaRistorante//scenes/NonnaChair_Rush.fbx
2019-02-01 15:59:47: LOG: Import: C:/Users/mercu/Documents/maya/projects/NonnaRistorante//scenes/NonnaChair_Rush.fbx
2019-02-01 15:59:47: LOG: Import: C:/Users/mercu/Documents/maya/projects/NonnaRistorante//scenes/NonnaTable_Red.fbx
2019-02-01 15:59:47: LOG: Import: C:/Users/mercu/Documents/maya/projects/NonnaRistorante//scenes/NonnaChair_Rush.fbx
2019-02-01 15:59:47: LOG: Import: C:/Users/mercu/Documents/maya/projects/NonnaRistorante//scenes/NonnaTable_Red.fbx
2019-02-01 16:03:41: LOG: Import: C:/Users/mercu/Documents/maya/projects/NonnaRistorante//scenes/NonnaTable_Red.fbx
2019-02-01 16:03:41: LOG: Import: C:/Users/mercu/Documents/maya/projects/NonnaRistorante//scenes/NonnaChair_Rush.fbx
2019-02-01 16:03:41: LOG: Import: C:/Users/mercu/Documents/maya/projects/NonnaRistorante//scenes/NonnaChair_Rush.fbx
2019-02-01 16:03:41: LOG: Import: C:/Users/mercu/Documents/maya/projects/NonnaRistorante//scenes/NonnaChair_Rush.fbx
2019-02-01 16:03:41: LOG: Import: C:/Users/mercu/Documents/maya/projects/NonnaRistorante//scenes/NonnaTable_Red.fbx
2019-02-01 16:03:41: LOG: Import: C:/Users/mercu/Documents/maya/projects/NonnaRistorante//scenes/NonnaChair_Rush.fbx
2019-02-01 16:03:41: LOG: Import: C:/Users/mercu/Documents/maya/projects/NonnaRistorante//scenes/NonnaTable_Red.fbx
2019-02-01 16:22:37: LOG: Import: C:/Users/mercu/Documents/GitHub/seedQuestAssets/experiments/Jane_Prototype_MindPalace/Assets/PrototypeAssets/Art/ItalianRestaurant/ThirdPerson/Nonna_Ceiling.fbx
2019-02-01 20:59:12: LOG: Import: C:/Users/mercu/Documents/maya/projects/NonnaRistorante//scenes/NonnaTable_Red.fbx
2019-02-01 20:59:12: LOG: Import: C:/Users/mercu/Documents/maya/projects/NonnaRistorante//scenes/NonnaChair_Rush.fbx
2019-02-01 20:59:13: LOG: Import: C:/Users/mercu/Documents/maya/projects/NonnaRistorante//scenes/NonnaChair_Rush.fbx
2019-02-01 20:59:13: LOG: Import: C:/Users/mercu/Documents/maya/projects/NonnaRistorante//scenes/NonnaChair_Rush.fbx
2019-02-01 20:59:13: LOG: Import: C:/Users/mercu/Documents/maya/projects/NonnaRistorante//scenes/NonnaTable_Red.fbx
2019-02-01 20:59:13: LOG: Import: C:/Users/mercu/Documents/maya/projects/NonnaRistorante//scenes/NonnaChair_Rush.fbx
2019-02-01 20:59:13: LOG: Import: C:/Users/mercu/Documents/maya/projects/NonnaRistorante//scenes/NonnaTable_Red.fbx
2019-02-01 21:16:40: LOG: Import: C:/Users/mercu/Documents/GitHub/seedQuestAssets/experiments/Jane_Prototype_MindPalace/Assets/PrototypeAssets/Art/ItalianRestaurant/ThirdPerson/NonnaWallTopFloor01.fbx
2019-02-01 21:16:40: LOG: Import: C:/Users/mercu/Documents/GitHub/seedQuestAssets/experiments/Jane_Prototype_MindPalace/Assets/PrototypeAssets/Art/ItalianRestaurant/ThirdPerson/NonnaWindowSML.fbx
2019-02-01 21:16:40: LOG: Import: C:/Users/mercu/Documents/GitHub/seedQuestAssets/experiments/Jane_Prototype_MindPalace/Assets/PrototypeAssets/Art/ItalianRestaurant/ThirdPerson/Nonna_Ceiling.fbx
2019-02-01 21:16:40: LOG: Import: C:/Users/mercu/Documents/GitHub/seedQuestAssets/experiments/Jane_Prototype_MindPalace/Assets/PrototypeAssets/Art/ItalianRestaurant/ThirdPerson/NonnaGazebo01.fbx
2019-02-01 21:16:40: LOG: Import: C:/Users/mercu/Documents/GitHub/seedQuestAssets/experiments/Jane_Prototype_MindPalace/Assets/PrototypeAssets/Art/ItalianRestaurant/ThirdPerson/NonnaGround01.fbx
2019-02-01 21:16:40: LOG: Import: C:/Users/mercu/Documents/GitHub/seedQuestAssets/experiments/Jane_Prototype_MindPalace/Assets/PrototypeAssets/Art/ItalianRestaurant/ThirdPerson/NonnaLadder01.fbx
2019-02-01 21:16:40: LOG: Import: C:/Users/mercu/Documents/GitHub/seedQuestAssets/experiments/Jane_Prototype_MindPalace/Assets/PrototypeAssets/Art/ItalianRestaurant/ThirdPerson/NonnaTableBooth01.fbx
2019-02-01 21:16:40: LOG: Import: C:/Users/mercu/Documents/GitHub/seedQuestAssets/experiments/Jane_Prototype_MindPalace/Assets/PrototypeAssets/Art/ItalianRestaurant/ThirdPerson/NonnaTableLG01.fbx
2019-02-01 21:16:40: LOG: Import: C:/Users/mercu/Documents/GitHub/seedQuestAssets/experiments/Jane_Prototype_MindPalace/Assets/PrototypeAssets/Art/ItalianRestaurant/ThirdPerson/NonnaWall_Breakaway_LT_TEMP.fbx
2019-02-01 21:16:40: LOG: Import: C:/Users/mercu/Documents/GitHub/seedQuestAssets/experiments/Jane_Prototype_MindPalace/Assets/PrototypeAssets/Art/ItalianRestaurant/ThirdPerson/NonnaWall_WindowLG.fbx
2019-02-01 21:16:40: LOG: Import: C:/Users/mercu/Documents/GitHub/seedQuestAssets/experiments/Jane_Prototype_MindPalace/Assets/PrototypeAssets/Art/ItalianRestaurant/ThirdPerson/NonnaWallCornerLG_Out01.fbx
2019-02-01 21:16:40: LOG: Import: C:/Users/mercu/Documents/GitHub/seedQuestAssets/experiments/Jane_Prototype_MindPalace/Assets/PrototypeAssets/Art/ItalianRestaurant/ThirdPerson/NonnaWallCornerS_In01.fbx
2019-02-01 21:16:40: LOG: Import: C:/Users/mercu/Documents/GitHub/seedQuestAssets/experiments/Jane_Prototype_MindPalace/Assets/PrototypeAssets/Art/ItalianRestaurant/ThirdPerson/NonnaWallCornerS_Out.fbx
2019-02-01 21:16:40: LOG: Import: C:/Users/mercu/Documents/GitHub/seedQuestAssets/experiments/Jane_Prototype_MindPalace/Assets/PrototypeAssets/Art/ItalianRestaurant/ThirdPerson/NonnaWallCornerS_Out01.fbx
2019-02-01 21:16:40: LOG: Import: C:/Users/mercu/Documents/GitHub/seedQuestAssets/experiments/Jane_Prototype_MindPalace/Assets/PrototypeAssets/Art/ItalianRestaurant/ThirdPerson/NonnaWallCornerS_Out3.fbx
2019-02-01 21:16:41: LOG: Import: C:/Users/mercu/Documents/GitHub/seedQuestAssets/experiments/Jane_Prototype_MindPalace/Assets/PrototypeAssets/Art/ItalianRestaurant/ThirdPerson/NonnaWallDoor01.fbx
2019-02-01 21:16:41: LOG: Import: C:/Users/mercu/Documents/GitHub/seedQuestAssets/experiments/Jane_Prototype_MindPalace/Assets/PrototypeAssets/Art/ItalianRestaurant/ThirdPerson/NonnaWallDoor02.fbx
2019-02-01 21:16:41: LOG: Import: C:/Users/mercu/Documents/GitHub/seedQuestAssets/experiments/Jane_Prototype_MindPalace/Assets/PrototypeAssets/Art/ItalianRestaurant/ThirdPerson/NonnaWallExtBottom01.fbx
2019-02-01 21:16:41: LOG: Import: C:/Users/mercu/Documents/GitHub/seedQuestAssets/experiments/Jane_Prototype_MindPalace/Assets/PrototypeAssets/Art/ItalianRestaurant/ThirdPerson/NonnaWallExtBottom02.fbx
2019-02-01 21:16:41: LOG: Import: C:/Users/mercu/Documents/GitHub/seedQuestAssets/experiments/Jane_Prototype_MindPalace/Assets/PrototypeAssets/Art/ItalianRestaurant/ThirdPerson/NonnaWallExtTop01.fbx
2019-02-01 21:16:41: LOG: Import: C:/Users/mercu/Documents/GitHub/seedQuestAssets/experiments/Jane_Prototype_MindPalace/Assets/PrototypeAssets/Art/ItalianRestaurant/ThirdPerson/NonnaWallLG01.fbx
2019-02-01 21:16:41: LOG: Import: C:/Users/mercu/Documents/GitHub/seedQuestAssets/experiments/Jane_Prototype_MindPalace/Assets/PrototypeAssets/Art/ItalianRestaurant/ThirdPerson/NonnaWallLG02.fbx
2019-02-01 21:16:41: LOG: Import: C:/Users/mercu/Documents/GitHub/seedQuestAssets/experiments/Jane_Prototype_MindPalace/Assets/PrototypeAssets/Art/ItalianRestaurant/ThirdPerson/NonnaWallS01.fbx
2019-02-01 21:16:41: LOG: Import: C:/Users/mercu/Documents/GitHub/seedQuestAssets/experiments/Jane_Prototype_MindPalace/Assets/PrototypeAssets/Art/ItalianRestaurant/ThirdPerson/NonnaWallS02.fbx
2019-02-04 15:20:54: LOG: Import: C:/Users/mercu/Documents/GitHub/seedQuestAssets/experiments/Jane_Prototype_MindPalace/Assets/PrototypeAssets/Art/ItalianRestaurant/NonnaBasketBread.fbx
2019-02-04 15:20:54: LOG: Import: C:/Users/mercu/Documents/GitHub/seedQuestAssets/experiments/Jane_Prototype_MindPalace/Assets/PrototypeAssets/Art/ItalianRestaurant/NonnaBorderBush01.fbx
2019-02-04 15:20:54: LOG: Import: C:/Users/mercu/Documents/GitHub/seedQuestAssets/experiments/Jane_Prototype_MindPalace/Assets/PrototypeAssets/Art/ItalianRestaurant/NonnaBust_Base.fbx
2019-02-04 15:20:54: LOG: Import: C:/Users/mercu/Documents/GitHub/seedQuestAssets/experiments/Jane_Prototype_MindPalace/Assets/PrototypeAssets/Art/ItalianRestaurant/NonnaBust_Cheese.fbx
2019-02-04 15:20:54: LOG: Import: C:/Users/mercu/Documents/GitHub/seedQuestAssets/experiments/Jane_Prototype_MindPalace/Assets/PrototypeAssets/Art/ItalianRestaurant/NonnaBust_Grapes.fbx
2019-02-04 15:20:54: LOG: Import: C:/Users/mercu/Documents/GitHub/seedQuestAssets/experiments/Jane_Prototype_MindPalace/Assets/PrototypeAssets/Art/ItalianRestaurant/NonnaBust_Helmet.fbx
2019-02-04 15:20:54: LOG: Import: C:/Users/mercu/Documents/GitHub/seedQuestAssets/experiments/Jane_Prototype_MindPalace/Assets/PrototypeAssets/Art/ItalianRestaurant/NonnaBust_Poet.fbx
2019-02-04 15:20:54: LOG: Import: C:/Users/mercu/Documents/GitHub/seedQuestAssets/experiments/Jane_Prototype_MindPalace/Assets/PrototypeAssets/Art/ItalianRestaurant/NonnaBust_Poet1.fbx
2019-02-04 15:20:54: LOG: Import: C:/Users/mercu/Documents/GitHub/seedQuestAssets/experiments/Jane_Prototype_MindPalace/Assets/PrototypeAssets/Art/ItalianRestaurant/NonnaChair_Rush.fbx
2019-02-04 15:20:54: LOG: Import: C:/Users/mercu/Documents/GitHub/seedQuestAssets/experiments/Jane_Prototype_MindPalace/Assets/PrototypeAssets/Art/ItalianRestaurant/NonnaChair_Rush_GEO3.fbx
2019-02-04 15:20:54: LOG: Import: C:/Users/mercu/Documents/GitHub/seedQuestAssets/experiments/Jane_Prototype_MindPalace/Assets/PrototypeAssets/Art/ItalianRestaurant/NonnaChair01.fbx
2019-02-04 15:20:54: LOG: Import: C:/Users/mercu/Documents/GitHub/seedQuestAssets/experiments/Jane_Prototype_MindPalace/Assets/PrototypeAssets/Art/ItalianRestaurant/NonnaDoor01.fbx
2019-02-04 15:20:54: LOG: Import: C:/Users/mercu/Documents/GitHub/seedQuestAssets/experiments/Jane_Prototype_MindPalace/Assets/PrototypeAssets/Art/ItalianRestaurant/NonnaFood_Fish.fbx
2019-02-04 15:20:54: LOG: Import: C:/Users/mercu/Documents/GitHub/seedQuestAssets/experiments/Jane_Prototype_MindPalace/Assets/PrototypeAssets/Art/ItalianRestaurant/NonnaFood_Pizza.fbx
2019-02-04 15:20:54: LOG: Import: C:/Users/mercu/Documents/GitHub/seedQuestAssets/experiments/Jane_Prototype_MindPalace/Assets/PrototypeAssets/Art/ItalianRestaurant/NonnaFood_Plate.fbx
2019-02-04 15:20:54: LOG: Import: C:/Users/mercu/Documents/GitHub/seedQuestAssets/experiments/Jane_Prototype_MindPalace/Assets/PrototypeAssets/Art/ItalianRestaurant/NonnaFood_Spaghetti.fbx
2019-02-04 15:20:55: LOG: Import: C:/Users/mercu/Documents/GitHub/seedQuestAssets/experiments/Jane_Prototype_MindPalace/Assets/PrototypeAssets/Art/ItalianRestaurant/NonnaFood_Wine.fbx
2019-02-04 15:20:55: LOG: Import: C:/Users/mercu/Documents/GitHub/seedQuestAssets/experiments/Jane_Prototype_MindPalace/Assets/PrototypeAssets/Art/ItalianRestaurant/NonnaGlass_Wine.fbx
2019-02-04 15:20:55: LOG: Import: C:/Users/mercu/Documents/GitHub/seedQuestAssets/experiments/Jane_Prototype_MindPalace/Assets/PrototypeAssets/Art/ItalianRestaurant/NonnaHost_Bear.fbx
2019-02-04 15:20:55: LOG: Import: C:/Users/mercu/Documents/GitHub/seedQuestAssets/experiments/Jane_Prototype_MindPalace/Assets/PrototypeAssets/Art/ItalianRestaurant/NonnaHost_Cactus.fbx
2019-02-04 15:20:55: LOG: Import: C:/Users/mercu/Documents/GitHub/seedQuestAssets/experiments/Jane_Prototype_MindPalace/Assets/PrototypeAssets/Art/ItalianRestaurant/NonnaHost_Italian.fbx
2019-02-04 15:20:55: LOG: Import: C:/Users/mercu/Documents/GitHub/seedQuestAssets/experiments/Jane_Prototype_MindPalace/Assets/PrototypeAssets/Art/ItalianRestaurant/NonnaHost_Punk.fbx
2019-02-04 15:20:55: LOG: Import: C:/Users/mercu/Documents/GitHub/seedQuestAssets/experiments/Jane_Prototype_MindPalace/Assets/PrototypeAssets/Art/ItalianRestaurant/NonnaIso_WallDoor02.fbx
2019-02-04 15:20:55: LOG: Import: C:/Users/mercu/Documents/GitHub/seedQuestAssets/experiments/Jane_Prototype_MindPalace/Assets/PrototypeAssets/Art/ItalianRestaurant/NonnaIso_WindowSML.fbx
2019-02-04 15:20:55: LOG: Import: C:/Users/mercu/Documents/GitHub/seedQuestAssets/experiments/Jane_Prototype_MindPalace/Assets/PrototypeAssets/Art/ItalianRestaurant/NonnaNPC01.fbx
2019-02-04 15:20:55: LOG: Import: C:/Users/mercu/Documents/GitHub/seedQuestAssets/experiments/Jane_Prototype_MindPalace/Assets/PrototypeAssets/Art/ItalianRestaurant/NonnaPaintingLG01.fbx
2019-02-04 15:20:55: LOG: Import: C:/Users/mercu/Documents/GitHub/seedQuestAssets/experiments/Jane_Prototype_MindPalace/Assets/PrototypeAssets/Art/ItalianRestaurant/NonnaPaintingOval01.fbx
2019-02-04 15:20:55: LOG: Import: C:/Users/mercu/Documents/GitHub/seedQuestAssets/experiments/Jane_Prototype_MindPalace/Assets/PrototypeAssets/Art/ItalianRestaurant/NonnaPaintingRect01.fbx
2019-02-04 15:20:55: LOG: Import: C:/Users/mercu/Documents/GitHub/seedQuestAssets/experiments/Jane_Prototype_MindPalace/Assets/PrototypeAssets/Art/ItalianRestaurant/NonnaPodium01.fbx
2019-02-04 15:20:55: LOG: Import: C:/Users/mercu/Documents/GitHub/seedQuestAssets/experiments/Jane_Prototype_MindPalace/Assets/PrototypeAssets/Art/ItalianRestaurant/NonnaPotFlower_Orange.fbx
2019-02-04 15:20:55: LOG: Import: C:/Users/mercu/Documents/GitHub/seedQuestAssets/experiments/Jane_Prototype_MindPalace/Assets/PrototypeAssets/Art/ItalianRestaurant/NonnaPotFlower_Purple.fbx
2019-02-04 15:20:55: LOG: Import: C:/Users/mercu/Documents/GitHub/seedQuestAssets/experiments/Jane_Prototype_MindPalace/Assets/PrototypeAssets/Art/ItalianRestaurant/NonnaPotFlower_Red.fbx
2019-02-04 15:20:55: LOG: Import: C:/Users/mercu/Documents/GitHub/seedQuestAssets/experiments/Jane_Prototype_MindPalace/Assets/PrototypeAssets/Art/ItalianRestaurant/NonnaPotFlower_White.fbx
2019-02-04 15:20:55: LOG: Import: C:/Users/mercu/Documents/GitHub/seedQuestAssets/experiments/Jane_Prototype_MindPalace/Assets/PrototypeAssets/Art/ItalianRestaurant/NonnaPotFlower01.fbx
2019-02-04 15:20:56: LOG: Import: C:/Users/mercu/Documents/GitHub/seedQuestAssets/experiments/Jane_Prototype_MindPalace/Assets/PrototypeAssets/Art/ItalianRestaurant/NonnaPotTree_A.fbx
2019-02-04 15:20:56: LOG: Import: C:/Users/mercu/Documents/GitHub/seedQuestAssets/experiments/Jane_Prototype_MindPalace/Assets/PrototypeAssets/Art/ItalianRestaurant/NonnaPotTreeB.fbx
2019-02-04 15:20:56: LOG: Import: C:/Users/mercu/Documents/GitHub/seedQuestAssets/experiments/Jane_Prototype_MindPalace/Assets/PrototypeAssets/Art/ItalianRestaurant/NonnaShelf_Blob.fbx
2019-02-04 15:20:56: LOG: Import: C:/Users/mercu/Documents/GitHub/seedQuestAssets/experiments/Jane_Prototype_MindPalace/Assets/PrototypeAssets/Art/ItalianRestaurant/NonnaShelf_Cat.fbx
2019-02-04 15:20:56: LOG: Import: C:/Users/mercu/Documents/GitHub/seedQuestAssets/experiments/Jane_Prototype_MindPalace/Assets/PrototypeAssets/Art/ItalianRestaurant/NonnaShelf_Guitar.fbx
2019-02-04 15:20:56: LOG: Import: C:/Users/mercu/Documents/GitHub/seedQuestAssets/experiments/Jane_Prototype_MindPalace/Assets/PrototypeAssets/Art/ItalianRestaurant/NonnaShelf_Pitcher.fbx
2019-02-04 15:20:56: LOG: Import: C:/Users/mercu/Documents/GitHub/seedQuestAssets/experiments/Jane_Prototype_MindPalace/Assets/PrototypeAssets/Art/ItalianRestaurant/NonnaShelf_Wheat.fbx
2019-02-04 15:20:56: LOG: Import: C:/Users/mercu/Documents/GitHub/seedQuestAssets/experiments/Jane_Prototype_MindPalace/Assets/PrototypeAssets/Art/ItalianRestaurant/NonnaShelfLG_Bells.fbx
2019-02-04 15:20:56: LOG: Import: C:/Users/mercu/Documents/GitHub/seedQuestAssets/experiments/Jane_Prototype_MindPalace/Assets/PrototypeAssets/Art/ItalianRestaurant/NonnaShelfLG_Bread.fbx
2019-02-04 15:20:56: LOG: Import: C:/Users/mercu/Documents/GitHub/seedQuestAssets/experiments/Jane_Prototype_MindPalace/Assets/PrototypeAssets/Art/ItalianRestaurant/NonnaShelfLG_Sweets.fbx
2019-02-04 15:20:56: LOG: Import: C:/Users/mercu/Documents/GitHub/seedQuestAssets/experiments/Jane_Prototype_MindPalace/Assets/PrototypeAssets/Art/ItalianRestaurant/NonnaShelfLG_Wine.fbx
2019-02-04 15:20:56: LOG: Import: C:/Users/mercu/Documents/GitHub/seedQuestAssets/experiments/Jane_Prototype_MindPalace/Assets/PrototypeAssets/Art/ItalianRestaurant/NonnaShelfLG01.fbx
2019-02-04 15:20:57: LOG: Import: C:/Users/mercu/Documents/GitHub/seedQuestAssets/experiments/Jane_Prototype_MindPalace/Assets/PrototypeAssets/Art/ItalianRestaurant/NonnaShelfSML01.fbx
2019-02-04 15:20:57: LOG: Import: C:/Users/mercu/Documents/GitHub/seedQuestAssets/experiments/Jane_Prototype_MindPalace/Assets/PrototypeAssets/Art/ItalianRestaurant/NonnaShlefLG_Bread.fbx
2019-02-04 15:20:57: LOG: Import: C:/Users/mercu/Documents/GitHub/seedQuestAssets/experiments/Jane_Prototype_MindPalace/Assets/PrototypeAssets/Art/ItalianRestaurant/NonnaSPC_WallCornerS_Out.fbx
2019-02-04 15:20:57: LOG: Import: C:/Users/mercu/Documents/GitHub/seedQuestAssets/experiments/Jane_Prototype_MindPalace/Assets/PrototypeAssets/Art/ItalianRestaurant/NonnaTable_Cafe.fbx
2019-02-04 15:20:57: LOG: Import: C:/Users/mercu/Documents/GitHub/seedQuestAssets/experiments/Jane_Prototype_MindPalace/Assets/PrototypeAssets/Art/ItalianRestaurant/NonnaTableLG01.fbx
2019-02-04 15:20:57: LOG: Import: C:/Users/mercu/Documents/GitHub/seedQuestAssets/experiments/Jane_Prototype_MindPalace/Assets/PrototypeAssets/Art/ItalianRestaurant/NonnaTree_A.fbx
2019-02-04 18:34:36: LOG: Import: C:/Users/mercu/Documents/maya/projects/NonnaRistorante//scenes/NonnaTable_Red.fbx
2019-02-04 18:34:36: LOG: Import: C:/Users/mercu/Documents/maya/projects/NonnaRistorante//scenes/NonnaChair_Rush.fbx
2019-02-04 18:34:36: LOG: Import: C:/Users/mercu/Documents/maya/projects/NonnaRistorante//scenes/NonnaChair_Rush.fbx
2019-02-04 18:34:36: LOG: Import: C:/Users/mercu/Documents/maya/projects/NonnaRistorante//scenes/NonnaChair_Rush.fbx
2019-02-04 18:34:36: LOG: Import: C:/Users/mercu/Documents/maya/projects/NonnaRistorante//scenes/NonnaTable_Red.fbx
2019-02-04 18:34:36: LOG: Import: C:/Users/mercu/Documents/maya/projects/NonnaRistorante//scenes/NonnaChair_Rush.fbx
2019-02-04 18:34:36: LOG: Import: C:/Users/mercu/Documents/maya/projects/NonnaRistorante//scenes/NonnaTable_Red.fbx
2019-02-05 22:34:20: LOG: Import: C:/Users/mercu/Documents/GitHub/seedQuestAssets/experiments/Jane_Prototype_MindPalace/Assets/PrototypeAssets/Art/ItalianRestaurant/NonnaNPC01.fbx
2019-02-06 10:13:46: LOG: Import: C:/Users/mercu/Documents/GitHub/seedQuestAssets/seedQuestPrototypes/Assets/SeedQuestPrototype/PrototypeAssets/Art/ItalianRestaurant/NonnaChair01.fbx
2019-02-06 10:18:53: LOG: Import: C:/Users/mercu/Documents/GitHub/seedQuestAssets/seedQuestPrototypes/Assets/SeedQuestPrototype/PrototypeAssets/Art/ItalianRestaurant/NonnaTableLG01.fbx
2019-02-07 20:40:59: LOG: Import: C:/Users/mercu/Documents/GitHub/seedQuestAssets/experiments/Jane_Prototype_MindPalace/Assets/PrototypeAssets/Art/ItalianRestaurant/Isometric/NonnaIso_Floor.fbx
